

================================================================
== Vivado HLS Report for 'fir'
================================================================
* Date:           Mon Oct 12 17:04:55 2020

* Version:        2019.1 (Build 2552052 on Fri May 24 15:28:33 MDT 2019)
* Project:        best
* Solution:       best
* Product family: zynq
* Target device:  xc7z020-clg400-1


================================================================
== Performance Estimates
================================================================
+ Timing (ns): 
    * Summary: 
    +--------+-------+----------+------------+
    |  Clock | Target| Estimated| Uncertainty|
    +--------+-------+----------+------------+
    |ap_clk  |  10.00|     9.871|        1.25|
    +--------+-------+----------+------------+

+ Latency (clock cycles): 
    * Summary: 
    +-----+-----+-----+-----+----------+
    |  Latency  |  Interval | Pipeline |
    | min | max | min | max |   Type   |
    +-----+-----+-----+-----+----------+
    |    2|    2|    1|    1| function |
    +-----+-----+-----+-----+----------+

    + Detail: 
        * Instance: 
        N/A

        * Loop: 
        N/A



================================================================
== Utilization Estimates
================================================================
* Summary: 
+-----------------+---------+-------+--------+-------+-----+
|       Name      | BRAM_18K| DSP48E|   FF   |  LUT  | URAM|
+-----------------+---------+-------+--------+-------+-----+
|DSP              |        -|     24|       -|      -|    -|
|Expression       |        -|      -|       0|   3889|    -|
|FIFO             |        -|      -|       -|      -|    -|
|Instance         |        -|      -|       -|      -|    -|
|Memory           |        -|      -|       -|      -|    -|
|Multiplexer      |        -|      -|       -|      -|    -|
|Register         |        -|      -|    1479|      -|    -|
+-----------------+---------+-------+--------+-------+-----+
|Total            |        0|     24|    1479|   3889|    0|
+-----------------+---------+-------+--------+-------+-----+
|Available        |      280|    220|  106400|  53200|    0|
+-----------------+---------+-------+--------+-------+-----+
|Utilization (%)  |        0|     10|       1|      7|    0|
+-----------------+---------+-------+--------+-------+-----+

+ Detail: 
    * Instance: 
    N/A

    * DSP48E: 
    +--------------------------+----------------------+--------------+
    |         Instance         |        Module        |  Expression  |
    +--------------------------+----------------------+--------------+
    |fir_mac_muladd_8sbkb_U1   |fir_mac_muladd_8sbkb  | i0 * i1 + i2 |
    |fir_mac_muladd_8sbkb_U8   |fir_mac_muladd_8sbkb  | i0 + i1 * i2 |
    |fir_mac_muladd_8sbkb_U9   |fir_mac_muladd_8sbkb  | i0 * i1 + i2 |
    |fir_mac_muladd_8sbkb_U16  |fir_mac_muladd_8sbkb  | i0 + i1 * i2 |
    |fir_mac_muladd_8sbkb_U17  |fir_mac_muladd_8sbkb  | i0 * i1 + i2 |
    |fir_mac_muladd_8sbkb_U24  |fir_mac_muladd_8sbkb  | i0 + i1 * i2 |
    |fir_mac_muladd_8scud_U2   |fir_mac_muladd_8scud  | i0 + i1 * i2 |
    |fir_mac_muladd_8scud_U7   |fir_mac_muladd_8scud  | i0 * i1 + i2 |
    |fir_mac_muladd_8scud_U10  |fir_mac_muladd_8scud  | i0 + i1 * i2 |
    |fir_mac_muladd_8scud_U15  |fir_mac_muladd_8scud  | i0 * i1 + i2 |
    |fir_mac_muladd_8scud_U18  |fir_mac_muladd_8scud  | i0 + i1 * i2 |
    |fir_mac_muladd_8scud_U23  |fir_mac_muladd_8scud  | i0 * i1 + i2 |
    |fir_mac_muladd_8sdEe_U3   |fir_mac_muladd_8sdEe  | i0 * i1 + i2 |
    |fir_mac_muladd_8sdEe_U4   |fir_mac_muladd_8sdEe  | i0 + i1 * i2 |
    |fir_mac_muladd_8sdEe_U5   |fir_mac_muladd_8sdEe  | i0 * i1 + i2 |
    |fir_mac_muladd_8sdEe_U6   |fir_mac_muladd_8sdEe  | i0 + i1 * i2 |
    |fir_mac_muladd_8sdEe_U11  |fir_mac_muladd_8sdEe  | i0 * i1 + i2 |
    |fir_mac_muladd_8sdEe_U12  |fir_mac_muladd_8sdEe  | i0 + i1 * i2 |
    |fir_mac_muladd_8sdEe_U13  |fir_mac_muladd_8sdEe  | i0 * i1 + i2 |
    |fir_mac_muladd_8sdEe_U14  |fir_mac_muladd_8sdEe  | i0 + i1 * i2 |
    |fir_mac_muladd_8sdEe_U19  |fir_mac_muladd_8sdEe  | i0 * i1 + i2 |
    |fir_mac_muladd_8sdEe_U20  |fir_mac_muladd_8sdEe  | i0 + i1 * i2 |
    |fir_mac_muladd_8sdEe_U21  |fir_mac_muladd_8sdEe  | i0 * i1 + i2 |
    |fir_mac_muladd_8sdEe_U22  |fir_mac_muladd_8sdEe  | i0 + i1 * i2 |
    +--------------------------+----------------------+--------------+

    * Memory: 
    N/A

    * FIFO: 
    N/A

    * Expression: 
    +---------------------------+----------+-------+---+----+------------+------------+
    |       Variable Name       | Operation| DSP48E| FF| LUT| Bitwidth P0| Bitwidth P1|
    +---------------------------+----------+-------+---+----+------------+------------+
    |add_ln1352_10_fu_869_p2    |     +    |      0|  0|  12|          12|          12|
    |add_ln1352_11_fu_913_p2    |     +    |      0|  0|  12|          12|          12|
    |add_ln1352_12_fu_957_p2    |     +    |      0|  0|  12|          12|          12|
    |add_ln1352_13_fu_1001_p2   |     +    |      0|  0|  12|          12|          12|
    |add_ln1352_14_fu_1045_p2   |     +    |      0|  0|  12|          12|          12|
    |add_ln1352_15_fu_1089_p2   |     +    |      0|  0|  12|          12|          12|
    |add_ln1352_16_fu_1133_p2   |     +    |      0|  0|  12|          12|          12|
    |add_ln1352_17_fu_1177_p2   |     +    |      0|  0|  12|          12|          12|
    |add_ln1352_18_fu_1221_p2   |     +    |      0|  0|  12|          12|          12|
    |add_ln1352_19_fu_1265_p2   |     +    |      0|  0|  12|          12|          12|
    |add_ln1352_1_fu_473_p2     |     +    |      0|  0|  12|          12|          12|
    |add_ln1352_20_fu_1309_p2   |     +    |      0|  0|  12|          12|          12|
    |add_ln1352_21_fu_2101_p2   |     +    |      0|  0|  12|          12|          12|
    |add_ln1352_22_fu_2145_p2   |     +    |      0|  0|  12|          12|          12|
    |add_ln1352_23_fu_2189_p2   |     +    |      0|  0|  12|          12|          12|
    |add_ln1352_24_fu_2233_p2   |     +    |      0|  0|  12|          12|          12|
    |add_ln1352_25_fu_2277_p2   |     +    |      0|  0|  12|          12|          12|
    |add_ln1352_26_fu_2321_p2   |     +    |      0|  0|  12|          12|          12|
    |add_ln1352_27_fu_2365_p2   |     +    |      0|  0|  12|          12|          12|
    |add_ln1352_28_fu_2409_p2   |     +    |      0|  0|  12|          12|          12|
    |add_ln1352_29_fu_3201_p2   |     +    |      0|  0|  12|          12|          12|
    |add_ln1352_2_fu_517_p2     |     +    |      0|  0|  12|          12|          12|
    |add_ln1352_30_fu_3245_p2   |     +    |      0|  0|  12|          12|          12|
    |add_ln1352_31_fu_3289_p2   |     +    |      0|  0|  12|          12|          12|
    |add_ln1352_32_fu_3333_p2   |     +    |      0|  0|  12|          12|          12|
    |add_ln1352_33_fu_3377_p2   |     +    |      0|  0|  12|          12|          12|
    |add_ln1352_34_fu_3421_p2   |     +    |      0|  0|  12|          12|          12|
    |add_ln1352_35_fu_3465_p2   |     +    |      0|  0|  12|          12|          12|
    |add_ln1352_36_fu_3509_p2   |     +    |      0|  0|  12|          12|          12|
    |add_ln1352_3_fu_561_p2     |     +    |      0|  0|  12|          12|          12|
    |add_ln1352_4_fu_605_p2     |     +    |      0|  0|  12|          12|          12|
    |add_ln1352_5_fu_649_p2     |     +    |      0|  0|  12|          12|          12|
    |add_ln1352_6_fu_693_p2     |     +    |      0|  0|  12|          12|          12|
    |add_ln1352_7_fu_737_p2     |     +    |      0|  0|  12|          12|          12|
    |add_ln1352_8_fu_781_p2     |     +    |      0|  0|  12|          12|          12|
    |add_ln1352_9_fu_825_p2     |     +    |      0|  0|  12|          12|          12|
    |add_ln1352_fu_429_p2       |     +    |      0|  0|  12|          12|          12|
    |add_ln700_100_fu_5653_p2   |     +    |      0|  0|  17|          13|          13|
    |add_ln700_101_fu_5663_p2   |     +    |      0|  0|  19|          14|          14|
    |add_ln700_102_fu_5987_p2   |     +    |      0|  0|  21|          15|          15|
    |add_ln700_103_fu_5669_p2   |     +    |      0|  0|  17|          13|          13|
    |add_ln700_104_fu_5679_p2   |     +    |      0|  0|  17|          13|          13|
    |add_ln700_105_fu_5689_p2   |     +    |      0|  0|  19|          14|          14|
    |add_ln700_106_fu_5695_p2   |     +    |      0|  0|  17|          13|          13|
    |add_ln700_107_fu_5705_p2   |     +    |      0|  0|  17|          13|          13|
    |add_ln700_108_fu_5715_p2   |     +    |      0|  0|  19|          14|          14|
    |add_ln700_109_fu_6003_p2   |     +    |      0|  0|  21|          15|          15|
    |add_ln700_10_fu_5159_p2    |     +    |      0|  0|  17|          13|          13|
    |add_ln700_110_fu_6013_p2   |     +    |      0|  0|  23|          16|          16|
    |add_ln700_111_fu_5721_p2   |     +    |      0|  0|  17|          13|          13|
    |add_ln700_112_fu_5731_p2   |     +    |      0|  0|  17|          13|          13|
    |add_ln700_113_fu_5741_p2   |     +    |      0|  0|  19|          14|          14|
    |add_ln700_114_fu_5747_p2   |     +    |      0|  0|  17|          13|          13|
    |add_ln700_116_fu_5760_p2   |     +    |      0|  0|  19|          14|          14|
    |add_ln700_117_fu_6025_p2   |     +    |      0|  0|  21|          15|          15|
    |add_ln700_119_fu_5766_p2   |     +    |      0|  0|  16|          11|          11|
    |add_ln700_11_fu_5169_p2    |     +    |      0|  0|  19|          14|          14|
    |add_ln700_120_fu_5776_p2   |     +    |      0|  0|  17|          13|          13|
    |add_ln700_123_fu_5787_p2   |     +    |      0|  0|  19|          14|          14|
    |add_ln700_124_fu_6041_p2   |     +    |      0|  0|  21|          15|          15|
    |add_ln700_125_fu_6051_p2   |     +    |      0|  0|  16|          16|          16|
    |add_ln700_126_fu_6057_p2   |     +    |      0|  0|  16|          16|          16|
    |add_ln700_127_fu_6072_p2   |     +    |      0|  0|  16|          16|          16|
    |add_ln700_12_fu_5179_p2    |     +    |      0|  0|  17|          13|          13|
    |add_ln700_13_fu_5189_p2    |     +    |      0|  0|  17|          13|          13|
    |add_ln700_14_fu_5199_p2    |     +    |      0|  0|  19|          14|          14|
    |add_ln700_15_fu_5209_p2    |     +    |      0|  0|  21|          15|          15|
    |add_ln700_16_fu_5812_p2    |     +    |      0|  0|  23|          16|          16|
    |add_ln700_17_fu_5215_p2    |     +    |      0|  0|  17|          13|          13|
    |add_ln700_18_fu_5225_p2    |     +    |      0|  0|  17|          13|          13|
    |add_ln700_19_fu_5235_p2    |     +    |      0|  0|  19|          14|          14|
    |add_ln700_1_fu_369_p2      |     +    |      0|  0|  12|          12|          12|
    |add_ln700_20_fu_5245_p2    |     +    |      0|  0|  17|          13|          13|
    |add_ln700_22_fu_5258_p2    |     +    |      0|  0|  19|          14|          14|
    |add_ln700_23_fu_5268_p2    |     +    |      0|  0|  21|          15|          15|
    |add_ln700_25_fu_5274_p2    |     +    |      0|  0|  16|          11|          11|
    |add_ln700_26_fu_5284_p2    |     +    |      0|  0|  17|          13|          13|
    |add_ln700_29_fu_5295_p2    |     +    |      0|  0|  19|          14|          14|
    |add_ln700_2_fu_379_p2      |     +    |      0|  0|  12|          12|          12|
    |add_ln700_30_fu_5827_p2    |     +    |      0|  0|  21|          15|          15|
    |add_ln700_31_fu_5837_p2    |     +    |      0|  0|  16|          16|          16|
    |add_ln700_32_fu_5843_p2    |     +    |      0|  0|  16|          16|          16|
    |add_ln700_33_fu_5301_p2    |     +    |      0|  0|  17|          13|          13|
    |add_ln700_34_fu_5311_p2    |     +    |      0|  0|  17|          13|          13|
    |add_ln700_35_fu_5321_p2    |     +    |      0|  0|  19|          14|          14|
    |add_ln700_36_fu_5327_p2    |     +    |      0|  0|  17|          13|          13|
    |add_ln700_38_fu_5340_p2    |     +    |      0|  0|  19|          14|          14|
    |add_ln700_39_fu_5855_p2    |     +    |      0|  0|  21|          15|          15|
    |add_ln700_3_fu_5107_p2     |     +    |      0|  0|  16|          13|          13|
    |add_ln700_41_fu_5346_p2    |     +    |      0|  0|  16|          11|          11|
    |add_ln700_42_fu_5356_p2    |     +    |      0|  0|  17|          13|          13|
    |add_ln700_45_fu_5367_p2    |     +    |      0|  0|  19|          14|          14|
    |add_ln700_46_fu_5871_p2    |     +    |      0|  0|  21|          15|          15|
    |add_ln700_47_fu_5881_p2    |     +    |      0|  0|  23|          16|          16|
    |add_ln700_48_fu_5373_p2    |     +    |      0|  0|  17|          13|          13|
    |add_ln700_49_fu_5383_p2    |     +    |      0|  0|  17|          13|          13|
    |add_ln700_4_fu_5117_p2     |     +    |      0|  0|  19|          14|          14|
    |add_ln700_50_fu_5393_p2    |     +    |      0|  0|  19|          14|          14|
    |add_ln700_51_fu_5403_p2    |     +    |      0|  0|  17|          13|          13|
    |add_ln700_53_fu_5416_p2    |     +    |      0|  0|  19|          14|          14|
    |add_ln700_54_fu_5426_p2    |     +    |      0|  0|  21|          15|          15|
    |add_ln700_56_fu_5432_p2    |     +    |      0|  0|  16|          11|          11|
    |add_ln700_57_fu_5442_p2    |     +    |      0|  0|  17|          13|          13|
    |add_ln700_5_fu_5123_p2     |     +    |      0|  0|  17|          13|          13|
    |add_ln700_60_fu_5453_p2    |     +    |      0|  0|  19|          14|          14|
    |add_ln700_61_fu_5896_p2    |     +    |      0|  0|  21|          15|          15|
    |add_ln700_62_fu_5906_p2    |     +    |      0|  0|  23|          16|          16|
    |add_ln700_63_fu_6063_p2    |     +    |      0|  0|  16|          16|          16|
    |add_ln700_64_fu_6067_p2    |     +    |      0|  0|  16|          16|          16|
    |add_ln700_65_fu_5459_p2    |     +    |      0|  0|  17|          13|          13|
    |add_ln700_66_fu_5469_p2    |     +    |      0|  0|  17|          13|          13|
    |add_ln700_67_fu_5479_p2    |     +    |      0|  0|  19|          14|          14|
    |add_ln700_68_fu_5485_p2    |     +    |      0|  0|  17|          13|          13|
    |add_ln700_6_fu_5133_p2     |     +    |      0|  0|  17|          13|          13|
    |add_ln700_70_fu_5498_p2    |     +    |      0|  0|  19|          14|          14|
    |add_ln700_71_fu_5918_p2    |     +    |      0|  0|  21|          15|          15|
    |add_ln700_73_fu_5504_p2    |     +    |      0|  0|  16|          11|          11|
    |add_ln700_74_fu_5514_p2    |     +    |      0|  0|  17|          13|          13|
    |add_ln700_77_fu_5525_p2    |     +    |      0|  0|  19|          14|          14|
    |add_ln700_78_fu_5934_p2    |     +    |      0|  0|  21|          15|          15|
    |add_ln700_79_fu_5944_p2    |     +    |      0|  0|  23|          16|          16|
    |add_ln700_7_fu_5143_p2     |     +    |      0|  0|  19|          14|          14|
    |add_ln700_80_fu_5531_p2    |     +    |      0|  0|  17|          13|          13|
    |add_ln700_81_fu_5541_p2    |     +    |      0|  0|  17|          13|          13|
    |add_ln700_82_fu_5551_p2    |     +    |      0|  0|  19|          14|          14|
    |add_ln700_83_fu_5561_p2    |     +    |      0|  0|  17|          13|          13|
    |add_ln700_85_fu_5574_p2    |     +    |      0|  0|  19|          14|          14|
    |add_ln700_86_fu_5584_p2    |     +    |      0|  0|  21|          15|          15|
    |add_ln700_88_fu_5590_p2    |     +    |      0|  0|  16|          11|          11|
    |add_ln700_89_fu_5600_p2    |     +    |      0|  0|  17|          13|          13|
    |add_ln700_8_fu_5799_p2     |     +    |      0|  0|  21|          15|          15|
    |add_ln700_92_fu_5611_p2    |     +    |      0|  0|  19|          14|          14|
    |add_ln700_93_fu_5959_p2    |     +    |      0|  0|  21|          15|          15|
    |add_ln700_94_fu_5969_p2    |     +    |      0|  0|  16|          16|          16|
    |add_ln700_95_fu_5975_p2    |     +    |      0|  0|  16|          16|          16|
    |add_ln700_96_fu_5617_p2    |     +    |      0|  0|  17|          13|          13|
    |add_ln700_97_fu_5627_p2    |     +    |      0|  0|  17|          13|          13|
    |add_ln700_98_fu_5637_p2    |     +    |      0|  0|  19|          14|          14|
    |add_ln700_99_fu_5643_p2    |     +    |      0|  0|  17|          13|          13|
    |add_ln700_9_fu_5149_p2     |     +    |      0|  0|  17|          13|          13|
    |add_ln700_fu_389_p2        |     +    |      0|  0|  16|          13|          13|
    |ret_V_fu_5097_p2           |     +    |      0|  0|  12|          12|          12|
    |y_V                        |     +    |      0|  0|  16|          16|          16|
    |sub_ln1352_10_fu_1715_p2   |     -    |      0|  0|  16|           1|          12|
    |sub_ln1352_11_fu_1733_p2   |     -    |      0|  0|  16|          12|          12|
    |sub_ln1352_12_fu_1765_p2   |     -    |      0|  0|  16|           1|          12|
    |sub_ln1352_13_fu_1783_p2   |     -    |      0|  0|  16|          12|          12|
    |sub_ln1352_14_fu_1815_p2   |     -    |      0|  0|  16|           1|          12|
    |sub_ln1352_15_fu_1833_p2   |     -    |      0|  0|  16|          12|          12|
    |sub_ln1352_16_fu_1865_p2   |     -    |      0|  0|  16|           1|          12|
    |sub_ln1352_17_fu_1883_p2   |     -    |      0|  0|  16|          12|          12|
    |sub_ln1352_18_fu_1943_p2   |     -    |      0|  0|  12|           1|          12|
    |sub_ln1352_19_fu_2011_p2   |     -    |      0|  0|  13|          11|          11|
    |sub_ln1352_1_fu_1455_p2    |     -    |      0|  0|  12|           1|          12|
    |sub_ln1352_20_fu_2495_p2   |     -    |      0|  0|  16|          11|          11|
    |sub_ln1352_21_fu_2555_p2   |     -    |      0|  0|  12|           1|          12|
    |sub_ln1352_22_fu_2615_p2   |     -    |      0|  0|  16|           1|          12|
    |sub_ln1352_23_fu_2633_p2   |     -    |      0|  0|  16|          12|          12|
    |sub_ln1352_24_fu_2665_p2   |     -    |      0|  0|  16|           1|          12|
    |sub_ln1352_25_fu_2683_p2   |     -    |      0|  0|  16|          12|          12|
    |sub_ln1352_26_fu_2715_p2   |     -    |      0|  0|  16|           1|          12|
    |sub_ln1352_27_fu_2733_p2   |     -    |      0|  0|  16|          12|          12|
    |sub_ln1352_28_fu_2765_p2   |     -    |      0|  0|  16|           1|          12|
    |sub_ln1352_29_fu_2783_p2   |     -    |      0|  0|  16|          12|          12|
    |sub_ln1352_2_fu_1515_p2    |     -    |      0|  0|  16|           1|          12|
    |sub_ln1352_30_fu_2815_p2   |     -    |      0|  0|  16|           1|          12|
    |sub_ln1352_31_fu_2833_p2   |     -    |      0|  0|  16|          12|          12|
    |sub_ln1352_32_fu_2865_p2   |     -    |      0|  0|  16|           1|          12|
    |sub_ln1352_33_fu_2883_p2   |     -    |      0|  0|  16|          12|          12|
    |sub_ln1352_34_fu_2915_p2   |     -    |      0|  0|  16|           1|          12|
    |sub_ln1352_35_fu_2933_p2   |     -    |      0|  0|  16|          12|          12|
    |sub_ln1352_36_fu_2965_p2   |     -    |      0|  0|  16|           1|          12|
    |sub_ln1352_37_fu_2983_p2   |     -    |      0|  0|  16|          12|          12|
    |sub_ln1352_38_fu_3043_p2   |     -    |      0|  0|  12|           1|          12|
    |sub_ln1352_39_fu_3111_p2   |     -    |      0|  0|  13|          11|          11|
    |sub_ln1352_3_fu_1533_p2    |     -    |      0|  0|  16|          12|          12|
    |sub_ln1352_40_fu_3595_p2   |     -    |      0|  0|  16|          11|          11|
    |sub_ln1352_41_fu_3655_p2   |     -    |      0|  0|  12|           1|          12|
    |sub_ln1352_42_fu_3715_p2   |     -    |      0|  0|  16|           1|          12|
    |sub_ln1352_43_fu_3733_p2   |     -    |      0|  0|  16|          12|          12|
    |sub_ln1352_44_fu_3765_p2   |     -    |      0|  0|  16|           1|          12|
    |sub_ln1352_45_fu_3783_p2   |     -    |      0|  0|  16|          12|          12|
    |sub_ln1352_46_fu_3815_p2   |     -    |      0|  0|  16|           1|          12|
    |sub_ln1352_47_fu_3833_p2   |     -    |      0|  0|  16|          12|          12|
    |sub_ln1352_48_fu_3865_p2   |     -    |      0|  0|  16|           1|          12|
    |sub_ln1352_49_fu_3883_p2   |     -    |      0|  0|  16|          12|          12|
    |sub_ln1352_4_fu_1565_p2    |     -    |      0|  0|  16|           1|          12|
    |sub_ln1352_50_fu_3915_p2   |     -    |      0|  0|  16|           1|          12|
    |sub_ln1352_51_fu_3933_p2   |     -    |      0|  0|  16|          12|          12|
    |sub_ln1352_52_fu_3965_p2   |     -    |      0|  0|  16|           1|          12|
    |sub_ln1352_53_fu_3983_p2   |     -    |      0|  0|  16|          12|          12|
    |sub_ln1352_54_fu_4015_p2   |     -    |      0|  0|  16|           1|          12|
    |sub_ln1352_55_fu_4033_p2   |     -    |      0|  0|  16|          12|          12|
    |sub_ln1352_56_fu_4065_p2   |     -    |      0|  0|  16|           1|          12|
    |sub_ln1352_57_fu_4083_p2   |     -    |      0|  0|  16|          12|          12|
    |sub_ln1352_58_fu_4115_p2   |     -    |      0|  0|  16|           1|          12|
    |sub_ln1352_59_fu_4133_p2   |     -    |      0|  0|  16|          12|          12|
    |sub_ln1352_5_fu_1583_p2    |     -    |      0|  0|  16|          12|          12|
    |sub_ln1352_60_fu_4165_p2   |     -    |      0|  0|  16|           1|          12|
    |sub_ln1352_61_fu_4183_p2   |     -    |      0|  0|  16|          12|          12|
    |sub_ln1352_62_fu_4215_p2   |     -    |      0|  0|  16|           1|          12|
    |sub_ln1352_63_fu_4233_p2   |     -    |      0|  0|  16|          12|          12|
    |sub_ln1352_64_fu_4265_p2   |     -    |      0|  0|  16|           1|          12|
    |sub_ln1352_65_fu_4283_p2   |     -    |      0|  0|  16|          12|          12|
    |sub_ln1352_66_fu_4315_p2   |     -    |      0|  0|  16|           1|          12|
    |sub_ln1352_67_fu_4333_p2   |     -    |      0|  0|  16|          12|          12|
    |sub_ln1352_68_fu_4365_p2   |     -    |      0|  0|  16|           1|          12|
    |sub_ln1352_69_fu_4383_p2   |     -    |      0|  0|  16|          12|          12|
    |sub_ln1352_6_fu_1615_p2    |     -    |      0|  0|  16|           1|          12|
    |sub_ln1352_70_fu_4415_p2   |     -    |      0|  0|  16|           1|          12|
    |sub_ln1352_71_fu_4433_p2   |     -    |      0|  0|  16|          12|          12|
    |sub_ln1352_72_fu_4465_p2   |     -    |      0|  0|  16|           1|          12|
    |sub_ln1352_73_fu_4483_p2   |     -    |      0|  0|  16|          12|          12|
    |sub_ln1352_74_fu_4515_p2   |     -    |      0|  0|  16|           1|          12|
    |sub_ln1352_75_fu_4533_p2   |     -    |      0|  0|  16|          12|          12|
    |sub_ln1352_76_fu_4565_p2   |     -    |      0|  0|  16|           1|          12|
    |sub_ln1352_77_fu_4583_p2   |     -    |      0|  0|  16|          12|          12|
    |sub_ln1352_78_fu_4615_p2   |     -    |      0|  0|  16|           1|          12|
    |sub_ln1352_79_fu_4633_p2   |     -    |      0|  0|  16|          12|          12|
    |sub_ln1352_7_fu_1633_p2    |     -    |      0|  0|  16|          12|          12|
    |sub_ln1352_80_fu_4665_p2   |     -    |      0|  0|  16|           1|          12|
    |sub_ln1352_81_fu_4683_p2   |     -    |      0|  0|  16|          12|          12|
    |sub_ln1352_82_fu_4715_p2   |     -    |      0|  0|  16|           1|          12|
    |sub_ln1352_83_fu_4733_p2   |     -    |      0|  0|  16|          12|          12|
    |sub_ln1352_84_fu_4765_p2   |     -    |      0|  0|  16|           1|          12|
    |sub_ln1352_85_fu_4783_p2   |     -    |      0|  0|  16|          12|          12|
    |sub_ln1352_86_fu_4815_p2   |     -    |      0|  0|  16|           1|          12|
    |sub_ln1352_87_fu_4833_p2   |     -    |      0|  0|  16|          12|          12|
    |sub_ln1352_88_fu_4865_p2   |     -    |      0|  0|  16|           1|          12|
    |sub_ln1352_89_fu_4883_p2   |     -    |      0|  0|  16|          12|          12|
    |sub_ln1352_8_fu_1665_p2    |     -    |      0|  0|  16|           1|          12|
    |sub_ln1352_90_fu_4943_p2   |     -    |      0|  0|  12|           1|          12|
    |sub_ln1352_91_fu_5011_p2   |     -    |      0|  0|  13|          11|          11|
    |sub_ln1352_92_fu_1427_p2   |     -    |      0|  0|  13|          11|          11|
    |sub_ln1352_93_fu_1979_p2   |     -    |      0|  0|  16|          11|          11|
    |sub_ln1352_94_fu_2527_p2   |     -    |      0|  0|  13|          11|          11|
    |sub_ln1352_95_fu_3079_p2   |     -    |      0|  0|  16|          11|          11|
    |sub_ln1352_96_fu_3627_p2   |     -    |      0|  0|  13|          11|          11|
    |sub_ln1352_97_fu_4979_p2   |     -    |      0|  0|  16|          11|          11|
    |sub_ln1352_9_fu_1683_p2    |     -    |      0|  0|  16|          12|          12|
    |sub_ln1352_fu_1395_p2      |     -    |      0|  0|  16|          11|          11|
    |ap_block_pp0_stage0_01001  |    and   |      0|  0|   2|           1|           1|
    |ap_enable_pp0              |    xor   |      0|  0|   2|           1|           2|
    +---------------------------+----------+-------+---+----+------------+------------+
    |Total                      |          |      0|  0|3889|        2570|        3077|
    +---------------------------+----------+-------+---+----+------------+------------+

    * Multiplexer: 
    N/A

    * Register: 
    +-------------------------+----+----+-----+-----------+
    |           Name          | FF | LUT| Bits| Const Bits|
    +-------------------------+----+----+-----+-----------+
    |add_ln700_101_reg_6404   |  13|   0|   14|          1|
    |add_ln700_105_reg_6409   |  13|   0|   14|          1|
    |add_ln700_108_reg_6414   |  13|   0|   14|          1|
    |add_ln700_113_reg_6419   |  13|   0|   14|          1|
    |add_ln700_116_reg_6424   |  14|   0|   14|          0|
    |add_ln700_120_reg_6429   |  13|   0|   13|          0|
    |add_ln700_123_reg_6434   |  14|   0|   14|          0|
    |add_ln700_126_reg_6459   |  16|   0|   16|          0|
    |add_ln700_15_reg_6309    |  14|   0|   15|          1|
    |add_ln700_23_reg_6314    |  15|   0|   15|          0|
    |add_ln700_26_reg_6319    |  13|   0|   13|          0|
    |add_ln700_29_reg_6324    |  14|   0|   14|          0|
    |add_ln700_32_reg_6439    |  16|   0|   16|          0|
    |add_ln700_35_reg_6329    |  13|   0|   14|          1|
    |add_ln700_38_reg_6334    |  14|   0|   14|          0|
    |add_ln700_42_reg_6339    |  13|   0|   13|          0|
    |add_ln700_45_reg_6344    |  14|   0|   14|          0|
    |add_ln700_47_reg_6444    |  16|   0|   16|          0|
    |add_ln700_4_reg_6299     |  13|   0|   14|          1|
    |add_ln700_54_reg_6349    |  15|   0|   15|          0|
    |add_ln700_57_reg_6354    |  13|   0|   13|          0|
    |add_ln700_60_reg_6359    |  14|   0|   14|          0|
    |add_ln700_62_reg_6449    |  16|   0|   16|          0|
    |add_ln700_67_reg_6364    |  13|   0|   14|          1|
    |add_ln700_70_reg_6369    |  14|   0|   14|          0|
    |add_ln700_74_reg_6374    |  13|   0|   13|          0|
    |add_ln700_77_reg_6379    |  14|   0|   14|          0|
    |add_ln700_7_reg_6304     |  13|   0|   14|          1|
    |add_ln700_86_reg_6384    |  15|   0|   15|          0|
    |add_ln700_89_reg_6389    |  13|   0|   13|          0|
    |add_ln700_92_reg_6394    |  14|   0|   14|          0|
    |add_ln700_95_reg_6454    |  16|   0|   16|          0|
    |add_ln700_98_reg_6399    |  13|   0|   14|          1|
    |ap_CS_fsm                |   1|   0|    1|          0|
    |ap_enable_reg_pp0_iter1  |   1|   0|    1|          0|
    |ap_enable_reg_pp0_iter2  |   1|   0|    1|          0|
    |reg_x_V_0                |   8|   0|    8|          0|
    |reg_x_V_1                |   8|   0|    8|          0|
    |reg_x_V_10               |   8|   0|    8|          0|
    |reg_x_V_100              |   8|   0|    8|          0|
    |reg_x_V_101              |   8|   0|    8|          0|
    |reg_x_V_102              |   8|   0|    8|          0|
    |reg_x_V_103              |   8|   0|    8|          0|
    |reg_x_V_104              |   8|   0|    8|          0|
    |reg_x_V_105              |   8|   0|    8|          0|
    |reg_x_V_106              |   8|   0|    8|          0|
    |reg_x_V_107              |   8|   0|    8|          0|
    |reg_x_V_108              |   8|   0|    8|          0|
    |reg_x_V_109              |   8|   0|    8|          0|
    |reg_x_V_11               |   8|   0|    8|          0|
    |reg_x_V_110              |   8|   0|    8|          0|
    |reg_x_V_111              |   8|   0|    8|          0|
    |reg_x_V_112              |   8|   0|    8|          0|
    |reg_x_V_113              |   8|   0|    8|          0|
    |reg_x_V_114              |   8|   0|    8|          0|
    |reg_x_V_115              |   8|   0|    8|          0|
    |reg_x_V_116              |   8|   0|    8|          0|
    |reg_x_V_117              |   8|   0|    8|          0|
    |reg_x_V_118              |   8|   0|    8|          0|
    |reg_x_V_119              |   8|   0|    8|          0|
    |reg_x_V_12               |   8|   0|    8|          0|
    |reg_x_V_120              |   8|   0|    8|          0|
    |reg_x_V_121              |   8|   0|    8|          0|
    |reg_x_V_122              |   8|   0|    8|          0|
    |reg_x_V_123              |   8|   0|    8|          0|
    |reg_x_V_124              |   8|   0|    8|          0|
    |reg_x_V_125              |   8|   0|    8|          0|
    |reg_x_V_126              |   8|   0|    8|          0|
    |reg_x_V_13               |   8|   0|    8|          0|
    |reg_x_V_14               |   8|   0|    8|          0|
    |reg_x_V_15               |   8|   0|    8|          0|
    |reg_x_V_16               |   8|   0|    8|          0|
    |reg_x_V_17               |   8|   0|    8|          0|
    |reg_x_V_18               |   8|   0|    8|          0|
    |reg_x_V_19               |   8|   0|    8|          0|
    |reg_x_V_2                |   8|   0|    8|          0|
    |reg_x_V_20               |   8|   0|    8|          0|
    |reg_x_V_21               |   8|   0|    8|          0|
    |reg_x_V_22               |   8|   0|    8|          0|
    |reg_x_V_23               |   8|   0|    8|          0|
    |reg_x_V_24               |   8|   0|    8|          0|
    |reg_x_V_25               |   8|   0|    8|          0|
    |reg_x_V_26               |   8|   0|    8|          0|
    |reg_x_V_27               |   8|   0|    8|          0|
    |reg_x_V_28               |   8|   0|    8|          0|
    |reg_x_V_29               |   8|   0|    8|          0|
    |reg_x_V_3                |   8|   0|    8|          0|
    |reg_x_V_30               |   8|   0|    8|          0|
    |reg_x_V_31               |   8|   0|    8|          0|
    |reg_x_V_32               |   8|   0|    8|          0|
    |reg_x_V_33               |   8|   0|    8|          0|
    |reg_x_V_34               |   8|   0|    8|          0|
    |reg_x_V_35               |   8|   0|    8|          0|
    |reg_x_V_36               |   8|   0|    8|          0|
    |reg_x_V_37               |   8|   0|    8|          0|
    |reg_x_V_38               |   8|   0|    8|          0|
    |reg_x_V_39               |   8|   0|    8|          0|
    |reg_x_V_4                |   8|   0|    8|          0|
    |reg_x_V_40               |   8|   0|    8|          0|
    |reg_x_V_41               |   8|   0|    8|          0|
    |reg_x_V_42               |   8|   0|    8|          0|
    |reg_x_V_43               |   8|   0|    8|          0|
    |reg_x_V_44               |   8|   0|    8|          0|
    |reg_x_V_45               |   8|   0|    8|          0|
    |reg_x_V_46               |   8|   0|    8|          0|
    |reg_x_V_47               |   8|   0|    8|          0|
    |reg_x_V_48               |   8|   0|    8|          0|
    |reg_x_V_49               |   8|   0|    8|          0|
    |reg_x_V_5                |   8|   0|    8|          0|
    |reg_x_V_50               |   8|   0|    8|          0|
    |reg_x_V_51               |   8|   0|    8|          0|
    |reg_x_V_52               |   8|   0|    8|          0|
    |reg_x_V_53               |   8|   0|    8|          0|
    |reg_x_V_54               |   8|   0|    8|          0|
    |reg_x_V_55               |   8|   0|    8|          0|
    |reg_x_V_56               |   8|   0|    8|          0|
    |reg_x_V_57               |   8|   0|    8|          0|
    |reg_x_V_58               |   8|   0|    8|          0|
    |reg_x_V_59               |   8|   0|    8|          0|
    |reg_x_V_6                |   8|   0|    8|          0|
    |reg_x_V_60               |   8|   0|    8|          0|
    |reg_x_V_61               |   8|   0|    8|          0|
    |reg_x_V_62               |   8|   0|    8|          0|
    |reg_x_V_63               |   8|   0|    8|          0|
    |reg_x_V_64               |   8|   0|    8|          0|
    |reg_x_V_65               |   8|   0|    8|          0|
    |reg_x_V_66               |   8|   0|    8|          0|
    |reg_x_V_67               |   8|   0|    8|          0|
    |reg_x_V_68               |   8|   0|    8|          0|
    |reg_x_V_69               |   8|   0|    8|          0|
    |reg_x_V_7                |   8|   0|    8|          0|
    |reg_x_V_70               |   8|   0|    8|          0|
    |reg_x_V_71               |   8|   0|    8|          0|
    |reg_x_V_72               |   8|   0|    8|          0|
    |reg_x_V_73               |   8|   0|    8|          0|
    |reg_x_V_74               |   8|   0|    8|          0|
    |reg_x_V_75               |   8|   0|    8|          0|
    |reg_x_V_76               |   8|   0|    8|          0|
    |reg_x_V_77               |   8|   0|    8|          0|
    |reg_x_V_78               |   8|   0|    8|          0|
    |reg_x_V_79               |   8|   0|    8|          0|
    |reg_x_V_8                |   8|   0|    8|          0|
    |reg_x_V_80               |   8|   0|    8|          0|
    |reg_x_V_81               |   8|   0|    8|          0|
    |reg_x_V_82               |   8|   0|    8|          0|
    |reg_x_V_83               |   8|   0|    8|          0|
    |reg_x_V_84               |   8|   0|    8|          0|
    |reg_x_V_85               |   8|   0|    8|          0|
    |reg_x_V_86               |   8|   0|    8|          0|
    |reg_x_V_87               |   8|   0|    8|          0|
    |reg_x_V_88               |   8|   0|    8|          0|
    |reg_x_V_89               |   8|   0|    8|          0|
    |reg_x_V_9                |   8|   0|    8|          0|
    |reg_x_V_90               |   8|   0|    8|          0|
    |reg_x_V_91               |   8|   0|    8|          0|
    |reg_x_V_92               |   8|   0|    8|          0|
    |reg_x_V_93               |   8|   0|    8|          0|
    |reg_x_V_94               |   8|   0|    8|          0|
    |reg_x_V_95               |   8|   0|    8|          0|
    |reg_x_V_96               |   8|   0|    8|          0|
    |reg_x_V_97               |   8|   0|    8|          0|
    |reg_x_V_98               |   8|   0|    8|          0|
    |reg_x_V_99               |   8|   0|    8|          0|
    +-------------------------+----+----+-----+-----------+
    |Total                    |1479|   0| 1489|         10|
    +-------------------------+----+----+-----+-----------+



================================================================
== Interface
================================================================
* Summary: 
+------------+-----+-----+------------+--------------+--------------+
|  RTL Ports | Dir | Bits|  Protocol  | Source Object|    C Type    |
+------------+-----+-----+------------+--------------+--------------+
|ap_clk      |  in |    1| ap_ctrl_hs |      fir     | return value |
|ap_rst      |  in |    1| ap_ctrl_hs |      fir     | return value |
|ap_start    |  in |    1| ap_ctrl_hs |      fir     | return value |
|ap_done     | out |    1| ap_ctrl_hs |      fir     | return value |
|ap_idle     | out |    1| ap_ctrl_hs |      fir     | return value |
|ap_ready    | out |    1| ap_ctrl_hs |      fir     | return value |
|y_V         | out |   16|   ap_vld   |      y_V     |    pointer   |
|y_V_ap_vld  | out |    1|   ap_vld   |      y_V     |    pointer   |
|x_V         |  in |    8|   ap_none  |      x_V     |    scalar    |
+------------+-----+-----+------------+--------------+--------------+

