

================================================================
== Vivado HLS Report for 'fir'
================================================================
* Date:           Sun Oct 11 21:54:55 2020

* Version:        2019.1 (Build 2552052 on Fri May 24 15:28:33 MDT 2019)
* Project:        baseline
* Solution:       solution1
* Product family: zynq
* Target device:  xc7z020-clg400-1


================================================================
== Performance Estimates
================================================================
+ Timing (ns): 
    * Summary: 
    +--------+-------+----------+------------+
    |  Clock | Target| Estimated| Uncertainty|
    +--------+-------+----------+------------+
    |ap_clk  |  10.00|     8.510|        1.25|
    +--------+-------+----------+------------+

+ Latency (clock cycles): 
    * Summary: 
    +-----+-----+-----+-----+---------+
    |  Latency  |  Interval | Pipeline|
    | min | max | min | max |   Type  |
    +-----+-----+-----+-----+---------+
    |   68|   68|   68|   68|   none  |
    +-----+-----+-----+-----+---------+

    + Detail: 
        * Instance: 
        N/A

        * Loop: 
        +----------+-----+-----+----------+-----------+-----------+------+----------+
        |          |  Latency  | Iteration|  Initiation Interval  | Trip |          |
        | Loop Name| min | max |  Latency |  achieved |   target  | Count| Pipelined|
        +----------+-----+-----+----------+-----------+-----------+------+----------+
        |- TDL     |   22|   22|         2|          -|          -|    11|    no    |
        |- MAC     |   44|   44|         4|          -|          -|    11|    no    |
        +----------+-----+-----+----------+-----------+-----------+------+----------+



================================================================
== Utilization Estimates
================================================================
* Summary: 
+-----------------+---------+-------+--------+-------+-----+
|       Name      | BRAM_18K| DSP48E|   FF   |  LUT  | URAM|
+-----------------+---------+-------+--------+-------+-----+
|DSP              |        -|      -|       -|      -|    -|
|Expression       |        -|      2|       0|    100|    -|
|FIFO             |        -|      -|       -|      -|    -|
|Instance         |        -|      -|       -|      -|    -|
|Memory           |        0|      -|      74|      8|    0|
|Multiplexer      |        -|      -|       -|    125|    -|
|Register         |        -|      -|     161|      -|    -|
+-----------------+---------+-------+--------+-------+-----+
|Total            |        0|      2|     235|    233|    0|
+-----------------+---------+-------+--------+-------+-----+
|Available        |      280|    220|  106400|  53200|    0|
+-----------------+---------+-------+--------+-------+-----+
|Utilization (%)  |        0|   ~0  |   ~0   |   ~0  |    0|
+-----------------+---------+-------+--------+-------+-----+

+ Detail: 
    * Instance: 
    N/A

    * DSP48E: 
    N/A

    * Memory: 
    +---------+-----------+---------+----+----+-----+------+-----+------+-------------+
    |  Memory |   Module  | BRAM_18K| FF | LUT| URAM| Words| Bits| Banks| W*Bits*Banks|
    +---------+-----------+---------+----+----+-----+------+-----+------+-------------+
    |c1_U     |fir_c1     |        0|  10|   2|    0|    11|   10|     1|          110|
    |reg_x_U  |fir_reg_x  |        0|  64|   6|    0|    11|   32|     1|          352|
    +---------+-----------+---------+----+----+-----+------+-----+------+-------------+
    |Total    |           |        0|  74|   8|    0|    22|   42|     2|          462|
    +---------+-----------+---------+----+----+-----+------+-----+------+-------------+

    * FIFO: 
    N/A

    * Expression: 
    +---------------------+----------+-------+---+----+------------+------------+
    |    Variable Name    | Operation| DSP48E| FF| LUT| Bitwidth P0| Bitwidth P1|
    +---------------------+----------+-------+---+----+------------+------------+
    |mul_ln40_fu_198_p2   |     *    |      2|  0|  20|          10|          32|
    |ACC_fu_203_p2        |     +    |      0|  0|  39|          32|          32|
    |grp_fu_137_p2        |     +    |      0|  0|  15|           5|           2|
    |i_1_fu_189_p2        |     +    |      0|  0|  15|           5|           2|
    |icmp_ln30_fu_156_p2  |   icmp   |      0|  0|  11|           5|           1|
    +---------------------+----------+-------+---+----+------------+------------+
    |Total                |          |      2|  0| 100|          57|          69|
    +---------------------+----------+-------+---+----+------------+------------+

    * Multiplexer: 
    +----------------+----+-----------+-----+-----------+
    |      Name      | LUT| Input Size| Bits| Total Bits|
    +----------------+----+-----------+-----+-----------+
    |ACC_0_reg_113   |   9|          2|   32|         64|
    |ap_NS_fsm       |  41|          8|    1|          8|
    |grp_fu_137_p0   |  15|          3|    5|         15|
    |i1_0_reg_126    |   9|          2|    5|         10|
    |i_0_reg_101     |   9|          2|    5|         10|
    |reg_x_address0  |  27|          5|    4|         20|
    |reg_x_d0        |  15|          3|   32|         96|
    +----------------+----+-----------+-----+-----------+
    |Total           | 125|         25|   84|        223|
    +----------------+----+-----------+-----+-----------+

    * Register: 
    +----------------------+----+----+-----+-----------+
    |         Name         | FF | LUT| Bits| Const Bits|
    +----------------------+----+----+-----+-----------+
    |ACC_0_reg_113         |  32|   0|   32|          0|
    |ap_CS_fsm             |   7|   0|    7|          0|
    |c1_load_reg_253       |  10|   0|   10|          0|
    |i1_0_reg_126          |   5|   0|    5|          0|
    |i_0_reg_101           |   5|   0|    5|          0|
    |i_1_reg_248           |   5|   0|    5|          0|
    |icmp_ln30_reg_221     |   1|   0|    1|          0|
    |mul_ln40_reg_263      |  32|   0|   32|          0|
    |reg_x_load_1_reg_258  |  32|   0|   32|          0|
    |sext_ln28_reg_213     |  32|   0|   32|          0|
    +----------------------+----+----+-----+-----------+
    |Total                 | 161|   0|  161|          0|
    +----------------------+----+----+-----+-----------+



================================================================
== Interface
================================================================
* Summary: 
+----------+-----+-----+------------+--------------+--------------+
| RTL Ports| Dir | Bits|  Protocol  | Source Object|    C Type    |
+----------+-----+-----+------------+--------------+--------------+
|ap_clk    |  in |    1| ap_ctrl_hs |      fir     | return value |
|ap_rst    |  in |    1| ap_ctrl_hs |      fir     | return value |
|ap_start  |  in |    1| ap_ctrl_hs |      fir     | return value |
|ap_done   | out |    1| ap_ctrl_hs |      fir     | return value |
|ap_idle   | out |    1| ap_ctrl_hs |      fir     | return value |
|ap_ready  | out |    1| ap_ctrl_hs |      fir     | return value |
|y         | out |   32|   ap_vld   |       y      |    pointer   |
|y_ap_vld  | out |    1|   ap_vld   |       y      |    pointer   |
|x         |  in |   32|   ap_none  |       x      |    scalar    |
+----------+-----+-----+------------+--------------+--------------+

