

================================================================
== Vivado HLS Report for 'cordiccart2pol'
================================================================
* Date:           Thu Oct 22 00:45:52 2020

* Version:        2019.1 (Build 2552052 on Fri May 24 15:28:33 MDT 2019)
* Project:        cordiccart2pol
* Solution:       solution1
* Product family: zynq
* Target device:  xc7z020-clg400-1


================================================================
== Performance Estimates
================================================================
+ Timing (ns): 
    * Summary: 
    +--------+-------+----------+------------+
    |  Clock | Target| Estimated| Uncertainty|
    +--------+-------+----------+------------+
    |ap_clk  |  10.00|     8.702|        1.25|
    +--------+-------+----------+------------+

+ Latency (clock cycles): 
    * Summary: 
    +-----+-----+-----+-----+---------+
    |  Latency  |  Interval | Pipeline|
    | min | max | min | max |   Type  |
    +-----+-----+-----+-----+---------+
    |   29|   29|   29|   29|   none  |
    +-----+-----+-----+-----+---------+

    + Detail: 
        * Instance: 
        N/A

        * Loop: 
        +------------+-----+-----+----------+-----------+-----------+------+----------+
        |            |  Latency  | Iteration|  Initiation Interval  | Trip |          |
        |  Loop Name | min | max |  Latency |  achieved |   target  | Count| Pipelined|
        +------------+-----+-----+----------+-----------+-----------+------+----------+
        |- Rotation  |   20|   20|         2|          -|          -|    10|    no    |
        +------------+-----+-----+----------+-----------+-----------+------+----------+



================================================================
== Utilization Estimates
================================================================
* Summary: 
+-----------------+---------+-------+--------+-------+-----+
|       Name      | BRAM_18K| DSP48E|   FF   |  LUT  | URAM|
+-----------------+---------+-------+--------+-------+-----+
|DSP              |        -|      1|       -|      -|    -|
|Expression       |        -|      -|      80|   5097|    -|
|FIFO             |        -|      -|       -|      -|    -|
|Instance         |        0|      0|     388|    572|    -|
|Memory           |        0|      -|      11|      3|    -|
|Multiplexer      |        -|      -|       -|     98|    -|
|Register         |        -|      -|    1103|      -|    -|
+-----------------+---------+-------+--------+-------+-----+
|Total            |        0|      1|    1582|   5770|    0|
+-----------------+---------+-------+--------+-------+-----+
|Available        |      280|    220|  106400|  53200|    0|
+-----------------+---------+-------+--------+-------+-----+
|Utilization (%)  |        0|   ~0  |       1|     10|    0|
+-----------------+---------+-------+--------+-------+-----+

+ Detail: 
    * Instance: 
    +---------------------------------+-------------------------------+---------+-------+-----+-----+-----+
    |             Instance            |             Module            | BRAM_18K| DSP48E|  FF | LUT | URAM|
    +---------------------------------+-------------------------------+---------+-------+-----+-----+-----+
    |cordiccart2pol_AXILiteS_s_axi_U  |cordiccart2pol_AXILiteS_s_axi  |        0|      0|  188|  296|    0|
    |cordiccart2pol_fpcud_U1          |cordiccart2pol_fpcud           |        0|      0|  100|  138|    0|
    |cordiccart2pol_fpcud_U2          |cordiccart2pol_fpcud           |        0|      0|  100|  138|    0|
    +---------------------------------+-------------------------------+---------+-------+-----+-----+-----+
    |Total                            |                               |        0|      0|  388|  572|    0|
    +---------------------------------+-------------------------------+---------+-------+-----+-----+-----+

    * DSP48E: 
    +-------------------------+----------------------+-----------+
    |         Instance        |        Module        | Expression|
    +-------------------------+----------------------+-----------+
    |cordiccart2pol_mudEe_U3  |cordiccart2pol_mudEe  |  i0 * i1  |
    +-------------------------+----------------------+-----------+

    * Memory: 
    +------------+----------------------+---------+----+----+-----+------+-----+------+-------------+
    |   Memory   |        Module        | BRAM_18K| FF | LUT| URAM| Words| Bits| Banks| W*Bits*Banks|
    +------------+----------------------+---------+----+----+-----+------+-----+------+-------------+
    |angles_V_U  |cordiccart2pol_anbkb  |        0|  11|   3|    0|    16|   11|     1|          176|
    +------------+----------------------+---------+----+----+-----+------+-----+------+-------------+
    |Total       |                      |        0|  11|   3|    0|    16|   11|     1|          176|
    +------------+----------------------+---------+----+----+-----+------+-----+------+-------------+

    * FIFO: 
    N/A

    * Expression: 
    +--------------------------------+----------+-------+----+-----+------------+------------+
    |          Variable Name         | Operation| DSP48E| FF | LUT | Bitwidth P0| Bitwidth P1|
    +--------------------------------+----------+-------+----+-----+------------+------------+
    |add_ln581_1_fu_449_p2           |     +    |      0|   0|   12|           5|          12|
    |add_ln581_fu_359_p2             |     +    |      0|   0|   12|           5|          12|
    |add_ln591_1_fu_828_p2           |     +    |      0|   0|   12|           5|          12|
    |add_ln591_fu_547_p2             |     +    |      0|   0|   12|           5|          12|
    |add_ln949_1_fu_3028_p2          |     +    |      0|   0|   19|           6|          14|
    |add_ln949_fu_2907_p2            |     +    |      0|   0|   35|           6|          28|
    |add_ln958_1_fu_3125_p2          |     +    |      0|   0|   39|           6|          32|
    |add_ln958_fu_3070_p2            |     +    |      0|   0|   39|           6|          32|
    |add_ln964_1_fu_3244_p2          |     +    |      0|   0|    8|           8|           8|
    |add_ln964_fu_3192_p2            |     +    |      0|   0|    8|           8|           8|
    |empty_16_fu_901_p2              |     +    |      0|   0|    8|          12|          12|
    |empty_fu_620_p2                 |     +    |      0|   0|    8|          12|          12|
    |exp_V_1_fu_750_p2               |     +    |      0|   0|    8|          11|          12|
    |exp_V_fu_469_p2                 |     +    |      0|   0|    8|          11|          12|
    |fixed_theta_V_4_fu_2501_p2      |     +    |      0|   0|   19|          14|          14|
    |fixed_x_V_10_fu_2175_p2         |     +    |      0|   0|   19|          14|          14|
    |fixed_y_V_9_fu_2299_p2          |     +    |      0|   0|   19|          14|          14|
    |i_fu_2095_p2                    |     +    |      0|   0|   13|           4|           1|
    |lsb_index_1_fu_2955_p2          |     +    |      0|   0|   39|           6|          32|
    |lsb_index_fu_2834_p2            |     +    |      0|   0|   39|           6|          32|
    |m_12_fu_3154_p2                 |     +    |      0|   0|   39|          32|          32|
    |m_2_fu_3099_p2                  |     +    |      0|   0|   39|          32|          32|
    |p_Val2_11_fu_864_p2             |     +    |      0|   0|   19|          14|          14|
    |p_Val2_5_fu_583_p2              |     +    |      0|   0|   19|          14|          14|
    |pos1_1_fu_913_p2                |     +    |      0|   0|   12|           2|          12|
    |pos1_fu_632_p2                  |     +    |      0|   0|   12|           2|          12|
    |pos2_1_fu_922_p2                |     +    |      0|   0|   12|           3|          12|
    |pos2_fu_641_p2                  |     +    |      0|   0|   12|           3|          12|
    |ret_V_1_fu_2161_p2              |     +    |      0|   0|   21|          15|          15|
    |ret_V_2_fu_2285_p2              |     +    |      0|   0|   21|          15|          15|
    |ret_V_5_fu_2487_p2              |     +    |      0|   0|   21|          15|          15|
    |F2_1_fu_437_p2                  |     -    |      0|   0|   12|          11|          12|
    |F2_fu_347_p2                    |     -    |      0|   0|   12|          11|          12|
    |man_V_1_fu_335_p2               |     -    |      0|   0|   61|           1|          54|
    |man_V_4_fu_425_p2               |     -    |      0|   0|   61|           1|          54|
    |p_Val2_16_fu_1833_p2            |     -    |      0|   0|   19|           1|          14|
    |p_Val2_s_fu_1827_p2             |     -    |      0|   0|   19|           1|          14|
    |ret_V_3_fu_2327_p2              |     -    |      0|   0|   21|          15|          15|
    |ret_V_4_fu_2447_p2              |     -    |      0|   0|   21|          15|          15|
    |ret_V_fu_2135_p2                |     -    |      0|   0|   21|          15|          15|
    |sub_ln581_1_fu_455_p2           |     -    |      0|   0|   12|           4|          12|
    |sub_ln581_fu_365_p2             |     -    |      0|   0|   12|           4|          12|
    |sub_ln944_1_fu_2946_p2          |     -    |      0|   0|   39|           4|          32|
    |sub_ln944_fu_2825_p2            |     -    |      0|   0|   39|           5|          32|
    |sub_ln947_1_fu_2981_p2          |     -    |      0|   0|   13|           3|           4|
    |sub_ln947_fu_2860_p2            |     -    |      0|   0|   15|           5|           5|
    |sub_ln958_1_fu_3136_p2          |     -    |      0|   0|   39|           5|          32|
    |sub_ln958_fu_3081_p2            |     -    |      0|   0|   39|           5|          32|
    |sub_ln964_1_fu_3239_p2          |     -    |      0|   0|    8|           2|           8|
    |sub_ln964_fu_3187_p2            |     -    |      0|   0|    8|           3|           8|
    |tmp_V_3_fu_2781_p2              |     -    |      0|   0|   19|           1|          14|
    |tmp_V_fu_2722_p2                |     -    |      0|   0|   32|           1|          25|
    |Range1_all_ones_1_fu_690_p2     |    and   |      0|   0|    2|           1|           1|
    |Range1_all_ones_2_fu_1453_p2    |    and   |      0|   0|    2|           1|           1|
    |Range1_all_ones_3_fu_971_p2     |    and   |      0|   0|    2|           1|           1|
    |Range1_all_ones_fu_1152_p2      |    and   |      0|   0|    2|           1|           1|
    |a_1_fu_3008_p2                  |    and   |      0|   0|    2|           1|           1|
    |a_fu_2887_p2                    |    and   |      0|   0|    2|           1|           1|
    |and_ln17_fu_2059_p2             |    and   |      0|   0|    2|           1|           1|
    |and_ln18_fu_1875_p2             |    and   |      0|   0|   14|          14|          14|
    |and_ln340_1_fu_1703_p2          |    and   |      0|   0|    2|           1|           1|
    |and_ln340_2_fu_1709_p2          |    and   |      0|   0|    2|           1|           1|
    |and_ln340_3_fu_1780_p2          |    and   |      0|   0|    2|           1|           1|
    |and_ln340_4_fu_1792_p2          |    and   |      0|   0|    2|           1|           1|
    |and_ln340_5_fu_1798_p2          |    and   |      0|   0|    2|           1|           1|
    |and_ln340_6_fu_2589_p2          |    and   |      0|   0|    2|           1|           1|
    |and_ln340_7_fu_2607_p2          |    and   |      0|   0|    2|           1|           1|
    |and_ln340_8_fu_2625_p2          |    and   |      0|   0|    2|           1|           1|
    |and_ln340_fu_1691_p2            |    and   |      0|   0|    2|           1|           1|
    |and_ln403_1_fu_1066_p2          |    and   |      0|   0|    2|           1|           1|
    |and_ln403_2_fu_1090_p2          |    and   |      0|   0|    2|           1|           1|
    |and_ln403_3_fu_1351_p2          |    and   |      0|   0|    2|           1|           1|
    |and_ln403_4_fu_1367_p2          |    and   |      0|   0|    2|           1|           1|
    |and_ln403_5_fu_1391_p2          |    and   |      0|   0|    2|           1|           1|
    |and_ln403_fu_1050_p2            |    and   |      0|   0|    2|           1|           1|
    |and_ln557_1_fu_1604_p2          |    and   |      0|   0|    2|           1|           1|
    |and_ln557_fu_1303_p2            |    and   |      0|   0|    2|           1|           1|
    |and_ln578_1_fu_884_p2           |    and   |      0|   0|    2|           1|           1|
    |and_ln578_fu_603_p2             |    and   |      0|   0|    2|           1|           1|
    |and_ln603_1_fu_1096_p2          |    and   |      0|   0|    2|           1|           1|
    |and_ln603_2_fu_1106_p2          |    and   |      0|   0|    2|           1|           1|
    |and_ln603_3_fu_1379_p2          |    and   |      0|   0|    2|           1|           1|
    |and_ln603_4_fu_1397_p2          |    and   |      0|   0|    2|           1|           1|
    |and_ln603_5_fu_1407_p2          |    and   |      0|   0|    2|           1|           1|
    |and_ln603_fu_1078_p2            |    and   |      0|   0|    2|           1|           1|
    |and_ln621_2_fu_1292_p2          |    and   |      0|   0|    2|           1|           1|
    |and_ln621_3_fu_1298_p2          |    and   |      0|   0|    2|           1|           1|
    |and_ln621_4_fu_965_p2           |    and   |      0|   0|    2|           1|           1|
    |and_ln621_6_fu_1593_p2          |    and   |      0|   0|    2|           1|           1|
    |and_ln621_7_fu_1599_p2          |    and   |      0|   0|    2|           1|           1|
    |and_ln621_fu_684_p2             |    and   |      0|   0|    2|           1|           1|
    |and_ln631_1_fu_1426_p2          |    and   |      0|   0|    2|           1|           1|
    |and_ln631_fu_1125_p2            |    and   |      0|   0|    2|           1|           1|
    |and_ln639_1_fu_1449_p2          |    and   |      0|   0|    2|           1|           1|
    |and_ln639_fu_1148_p2            |    and   |      0|   0|    2|           1|           1|
    |and_ln641_1_fu_1468_p2          |    and   |      0|   0|    2|           1|           1|
    |and_ln641_fu_1167_p2            |    and   |      0|   0|    2|           1|           1|
    |and_ln642_1_fu_1025_p2          |    and   |      0|   0|    2|           1|           1|
    |and_ln642_fu_744_p2             |    and   |      0|   0|    2|           1|           1|
    |and_ln652_1_fu_1543_p2          |    and   |      0|   0|    2|           1|           1|
    |and_ln652_fu_1242_p2            |    and   |      0|   0|    2|           1|           1|
    |and_ln654_1_fu_1570_p2          |    and   |      0|   0|    2|           1|           1|
    |and_ln654_fu_1269_p2            |    and   |      0|   0|    2|           1|           1|
    |and_ln658_2_fu_1682_p2          |    and   |      0|   0|    2|           1|           1|
    |and_ln658_3_fu_1722_p2          |    and   |      0|   0|    2|           1|           1|
    |and_ln658_5_fu_1771_p2          |    and   |      0|   0|    2|           1|           1|
    |and_ln658_fu_1633_p2            |    and   |      0|   0|    2|           1|           1|
    |and_ln659_1_fu_1627_p2          |    and   |      0|   0|    2|           1|           1|
    |and_ln659_fu_1326_p2            |    and   |      0|   0|    2|           1|           1|
    |and_ln746_1_fu_1909_p2          |    and   |      0|   0|   14|          14|          14|
    |and_ln746_2_fu_1929_p2          |    and   |      0|   0|    2|           1|           1|
    |and_ln746_3_fu_1935_p2          |    and   |      0|   0|    2|           1|           1|
    |and_ln746_4_fu_2083_p2          |    and   |      0|   0|    2|           1|           1|
    |and_ln746_fu_1903_p2            |    and   |      0|   0|    2|           1|           1|
    |and_ln786_1_fu_2219_p2          |    and   |      0|   0|    2|           1|           1|
    |and_ln786_2_fu_2365_p2          |    and   |      0|   0|    2|           1|           1|
    |and_ln786_3_fu_2383_p2          |    and   |      0|   0|    2|           1|           1|
    |and_ln786_4_fu_2527_p2          |    and   |      0|   0|    2|           1|           1|
    |and_ln786_5_fu_2545_p2          |    and   |      0|   0|    2|           1|           1|
    |and_ln786_fu_2201_p2            |    and   |      0|   0|    2|           1|           1|
    |and_ln949_1_fu_3041_p2          |    and   |      0|   0|    2|           1|           1|
    |and_ln949_fu_2920_p2            |    and   |      0|   0|    2|           1|           1|
    |overflow_1_fu_1642_p2           |    and   |      0|   0|    2|           1|           1|
    |overflow_2_fu_1731_p2           |    and   |      0|   0|    2|           1|           1|
    |overflow_4_fu_2213_p2           |    and   |      0|   0|    2|           1|           1|
    |overflow_5_fu_2359_p2           |    and   |      0|   0|    2|           1|           1|
    |overflow_6_fu_2377_p2           |    and   |      0|   0|    2|           1|           1|
    |overflow_7_fu_2521_p2           |    and   |      0|   0|    2|           1|           1|
    |overflow_8_fu_2539_p2           |    and   |      0|   0|    2|           1|           1|
    |overflow_fu_2195_p2             |    and   |      0|   0|    2|           1|           1|
    |p_Result_18_fu_2876_p2          |    and   |      0|   0|   28|          28|          28|
    |p_Result_24_fu_2997_p2          |    and   |      0|   0|   14|          14|          14|
    |ashr_ln586_1_fu_786_p2          |   ashr   |      0|   0|  162|          54|          54|
    |ashr_ln586_fu_505_p2            |   ashr   |      0|   0|  162|          54|          54|
    |ashr_ln623_1_fu_955_p2          |   ashr   |      0|   0|  162|          54|          54|
    |ashr_ln623_fu_674_p2            |   ashr   |      0|   0|  162|          54|          54|
    |r_V_4_fu_2121_p2                |   ashr   |      0|   0|   31|          14|          14|
    |r_V_5_fu_2271_p2                |   ashr   |      0|   0|   31|          14|          14|
    |l_1_fu_2813_p3                  |   cttz   |      0|  40|   36|          32|           0|
    |l_fu_2755_p3                    |   cttz   |      0|  40|   36|          32|           0|
    |QUAN_INC_1_fu_443_p2            |   icmp   |      0|   0|   13|          12|           4|
    |QUAN_INC_fu_353_p2              |   icmp   |      0|   0|   13|          12|           4|
    |Range1_all_zeros_1_fu_726_p2    |   icmp   |      0|   0|   29|          54|           1|
    |Range1_all_zeros_3_fu_1007_p2   |   icmp   |      0|   0|   29|          54|           1|
    |Range2_all_ones_1_fu_1436_p2    |   icmp   |      0|   0|   29|          54|          54|
    |Range2_all_ones_fu_1135_p2      |   icmp   |      0|   0|   29|          54|          54|
    |empty_14_fu_626_p2              |   icmp   |      0|   0|   13|          12|           2|
    |empty_17_fu_907_p2              |   icmp   |      0|   0|   13|          12|           2|
    |icmp_ln40_fu_2089_p2            |   icmp   |      0|   0|    9|           4|           4|
    |icmp_ln571_1_fu_431_p2          |   icmp   |      0|   0|   29|          63|           1|
    |icmp_ln571_fu_341_p2            |   icmp   |      0|   0|   29|          63|           1|
    |icmp_ln578_2_fu_889_p2          |   icmp   |      0|   0|   13|          12|           4|
    |icmp_ln578_fu_608_p2            |   icmp   |      0|   0|   13|          12|           4|
    |icmp_ln582_1_fu_763_p2          |   icmp   |      0|   0|   13|          12|           4|
    |icmp_ln582_fu_482_p2            |   icmp   |      0|   0|   13|          12|           4|
    |icmp_ln585_1_fu_772_p2          |   icmp   |      0|   0|   13|          12|           6|
    |icmp_ln585_fu_491_p2            |   icmp   |      0|   0|   13|          12|           6|
    |icmp_ln591_1_fu_823_p2          |   icmp   |      0|   0|   13|          12|           6|
    |icmp_ln591_fu_542_p2            |   icmp   |      0|   0|   13|          12|           6|
    |icmp_ln603_1_fu_777_p2          |   icmp   |      0|   0|   13|          12|           4|
    |icmp_ln603_fu_496_p2            |   icmp   |      0|   0|   13|          12|           4|
    |icmp_ln621_1_fu_931_p2          |   icmp   |      0|   0|   13|          12|           6|
    |icmp_ln621_fu_650_p2            |   icmp   |      0|   0|   13|          12|           6|
    |icmp_ln631_1_fu_985_p2          |   icmp   |      0|   0|   13|          12|           6|
    |icmp_ln631_fu_704_p2            |   icmp   |      0|   0|   13|          12|           6|
    |icmp_ln641_1_fu_1458_p2         |   icmp   |      0|   0|   29|          54|           1|
    |icmp_ln641_fu_1157_p2           |   icmp   |      0|   0|   29|          54|           1|
    |icmp_ln642_1_fu_1001_p2         |   icmp   |      0|   0|   13|          12|           6|
    |icmp_ln642_fu_720_p2            |   icmp   |      0|   0|   13|          12|           6|
    |icmp_ln935_1_fu_2767_p2         |   icmp   |      0|   0|   13|          14|           1|
    |icmp_ln935_fu_2717_p2           |   icmp   |      0|   0|   18|          25|           1|
    |icmp_ln947_1_fu_2881_p2         |   icmp   |      0|   0|   18|          28|           1|
    |icmp_ln947_2_fu_2971_p2         |   icmp   |      0|   0|   18|          31|           1|
    |icmp_ln947_3_fu_3002_p2         |   icmp   |      0|   0|   13|          14|           1|
    |icmp_ln947_fu_2850_p2           |   icmp   |      0|   0|   18|          31|           1|
    |icmp_ln958_1_fu_3061_p2         |   icmp   |      0|   0|   18|          32|           1|
    |icmp_ln958_fu_2940_p2           |   icmp   |      0|   0|   18|          32|           1|
    |Range2_V_1_fu_714_p2            |   lshr   |      0|   0|  162|          54|          54|
    |Range2_V_3_fu_995_p2            |   lshr   |      0|   0|  162|          54|          54|
    |lshr_ln947_1_fu_2991_p2         |   lshr   |      0|   0|   31|           2|          14|
    |lshr_ln947_fu_2870_p2           |   lshr   |      0|   0|   85|           2|          28|
    |lshr_ln958_1_fu_3130_p2         |   lshr   |      0|   0|  101|          32|          32|
    |lshr_ln958_fu_3075_p2           |   lshr   |      0|   0|  101|          32|          32|
    |r_V_1_fu_1431_p2                |   lshr   |      0|   0|  162|           2|          54|
    |r_V_fu_1130_p2                  |   lshr   |      0|   0|  162|           2|          54|
    |or_ln340_10_fu_2601_p2          |    or    |      0|   0|    2|           1|           1|
    |or_ln340_11_fu_2639_p2          |    or    |      0|   0|    2|           1|           1|
    |or_ln340_1_fu_1736_p2           |    or    |      0|   0|    2|           1|           1|
    |or_ln340_2_fu_2225_p2           |    or    |      0|   0|    2|           1|           1|
    |or_ln340_3_fu_2231_p2           |    or    |      0|   0|    2|           1|           1|
    |or_ln340_4_fu_2389_p2           |    or    |      0|   0|    2|           1|           1|
    |or_ln340_5_fu_2395_p2           |    or    |      0|   0|    2|           1|           1|
    |or_ln340_6_fu_2551_p2           |    or    |      0|   0|    2|           1|           1|
    |or_ln340_7_fu_2557_p2           |    or    |      0|   0|    2|           1|           1|
    |or_ln340_8_fu_1697_p2           |    or    |      0|   0|    2|           1|           1|
    |or_ln340_9_fu_1786_p2           |    or    |      0|   0|    2|           1|           1|
    |or_ln340_fu_1647_p2             |    or    |      0|   0|    2|           1|           1|
    |or_ln557_1_fu_1587_p2           |    or    |      0|   0|    2|           1|           1|
    |or_ln557_fu_1286_p2             |    or    |      0|   0|    2|           1|           1|
    |or_ln639_1_fu_1019_p2           |    or    |      0|   0|    2|           1|           1|
    |or_ln639_fu_738_p2              |    or    |      0|   0|    2|           1|           1|
    |or_ln645_1_fu_1474_p2           |    or    |      0|   0|    2|           1|           1|
    |or_ln645_fu_1173_p2             |    or    |      0|   0|    2|           1|           1|
    |or_ln652_1_fu_1255_p2           |    or    |      0|   0|    2|           1|           1|
    |or_ln652_2_fu_1537_p2           |    or    |      0|   0|    2|           1|           1|
    |or_ln652_3_fu_1556_p2           |    or    |      0|   0|    2|           1|           1|
    |or_ln652_4_fu_1224_p2           |    or    |      0|   0|    2|           1|           1|
    |or_ln652_5_fu_1525_p2           |    or    |      0|   0|    2|           1|           1|
    |or_ln652_6_fu_1219_p2           |    or    |      0|   0|    2|           1|           1|
    |or_ln652_7_fu_1520_p2           |    or    |      0|   0|    2|           1|           1|
    |or_ln652_fu_1236_p2             |    or    |      0|   0|    2|           1|           1|
    |or_ln658_1_fu_1726_p2           |    or    |      0|   0|    2|           1|           1|
    |or_ln658_fu_1637_p2             |    or    |      0|   0|    2|           1|           1|
    |or_ln746_1_fu_1963_p2           |    or    |      0|   0|    2|           1|           1|
    |or_ln746_2_fu_2065_p2           |    or    |      0|   0|    2|           1|           1|
    |or_ln746_3_fu_2071_p2           |    or    |      0|   0|    2|           1|           1|
    |or_ln746_fu_1949_p2             |    or    |      0|   0|    2|           1|           1|
    |or_ln949_2_fu_2926_p2           |    or    |      0|   0|    2|           1|           1|
    |or_ln949_fu_3047_p2             |    or    |      0|   0|    2|           1|           1|
    |sel_tmp147_demorgan_fu_1666_p2  |    or    |      0|   0|    2|           1|           1|
    |sel_tmp216_demorgan_fu_1755_p2  |    or    |      0|   0|    2|           1|           1|
    |deleted_ones_1_fu_1562_p3       |  select  |      0|   0|    2|           1|           1|
    |deleted_ones_fu_1261_p3         |  select  |      0|   0|    2|           1|           1|
    |deleted_zeros_1_fu_1506_p3      |  select  |      0|   0|    2|           1|           1|
    |deleted_zeros_fu_1205_p3        |  select  |      0|   0|    2|           1|           1|
    |fixed_theta_V_2_fu_2653_p3      |  select  |      0|   0|   14|           1|          14|
    |fixed_x_V_5_fu_2263_p3          |  select  |      0|   0|   14|           1|          14|
    |fixed_x_V_6_fu_2319_p3          |  select  |      0|   0|   14|           1|          14|
    |fixed_x_V_7_fu_2685_p3          |  select  |      0|   0|   14|           1|          14|
    |fixed_x_V_8_fu_2693_p3          |  select  |      0|   0|   14|           1|          14|
    |fixed_x_V_9_fu_2701_p3          |  select  |      0|   0|   14|           1|          14|
    |fixed_y_V_2_fu_2427_p3          |  select  |      0|   0|   14|           1|          14|
    |fixed_y_V_3_fu_2479_p3          |  select  |      0|   0|   14|           1|          14|
    |fixed_y_V_4_fu_2661_p3          |  select  |      0|   0|   14|           1|          14|
    |fixed_y_V_5_fu_2669_p3          |  select  |      0|   0|   14|           1|          14|
    |fixed_y_V_7_fu_1714_p3          |  select  |      0|   0|   14|           1|          14|
    |fixed_y_V_8_fu_1803_p3          |  select  |      0|   0|   14|           1|          14|
    |fixed_y_V_fu_2677_p3            |  select  |      0|   0|   14|           1|          14|
    |m_10_fu_3147_p3                 |  select  |      0|   0|   32|           1|          32|
    |m_1_fu_3092_p3                  |  select  |      0|   0|   32|           1|          32|
    |p_Val2_10_fu_815_p3             |  select  |      0|   0|   14|           1|          14|
    |p_Val2_12_fu_1383_p3            |  select  |      0|   0|   14|           1|          14|
    |p_Val2_17_fu_1989_p3            |  select  |      0|   0|   14|           1|          14|
    |p_Val2_18_fu_1997_p3            |  select  |      0|   0|   14|           1|          14|
    |p_Val2_19_fu_2005_p3            |  select  |      0|   0|   14|           1|          14|
    |p_Val2_20_fu_2013_p3            |  select  |      0|   0|   14|           1|          14|
    |p_Val2_44_fu_474_p3             |  select  |      0|   0|   54|           1|          54|
    |p_Val2_45_fu_755_p3             |  select  |      0|   0|   54|           1|          54|
    |p_Val2_4_fu_534_p3              |  select  |      0|   0|   14|           1|          14|
    |p_Val2_6_fu_1082_p3             |  select  |      0|   0|   14|           1|          14|
    |qb_1_fu_845_p3                  |  select  |      0|   0|    2|           1|           1|
    |qb_fu_564_p3                    |  select  |      0|   0|    2|           1|           1|
    |r                               |  select  |      0|   0|   32|           1|           1|
    |sel_tmp148_fu_1670_p3           |  select  |      0|   0|   14|           1|          14|
    |sel_tmp217_fu_1759_p3           |  select  |      0|   0|   14|           1|          14|
    |select_ln17_fu_2021_p3          |  select  |      0|   0|   14|           1|          14|
    |select_ln340_1_fu_2645_p3       |  select  |      0|   0|   14|           1|          14|
    |select_ln340_fu_2631_p3         |  select  |      0|   0|   14|           1|          14|
    |select_ln403_1_fu_1071_p3       |  select  |      0|   0|   14|           1|          14|
    |select_ln403_2_fu_1355_p3       |  select  |      0|   0|   14|           1|          14|
    |select_ln403_3_fu_1372_p3       |  select  |      0|   0|   14|           1|          14|
    |select_ln403_fu_1054_p3         |  select  |      0|   0|   14|           1|          14|
    |select_ln571_1_fu_1749_p3       |  select  |      0|   0|   14|           1|           1|
    |select_ln571_fu_1660_p3         |  select  |      0|   0|   14|           1|           1|
    |select_ln582_1_fu_1345_p3       |  select  |      0|   0|   14|           1|          14|
    |select_ln582_fu_1044_p3         |  select  |      0|   0|   14|           1|          14|
    |select_ln588_1_fu_807_p3        |  select  |      0|   0|    2|           1|           2|
    |select_ln588_fu_526_p3          |  select  |      0|   0|    2|           1|           2|
    |select_ln631_1_fu_1441_p3       |  select  |      0|   0|    2|           1|           1|
    |select_ln631_fu_1140_p3         |  select  |      0|   0|    2|           1|           1|
    |select_ln639_1_fu_1197_p3       |  select  |      0|   0|    2|           1|           1|
    |select_ln639_2_fu_1483_p3       |  select  |      0|   0|    2|           1|           1|
    |select_ln639_3_fu_1498_p3       |  select  |      0|   0|    2|           1|           1|
    |select_ln639_fu_1182_p3         |  select  |      0|   0|    2|           1|           1|
    |select_ln642_1_fu_1190_p3       |  select  |      0|   0|    2|           1|           1|
    |select_ln642_2_fu_1478_p3       |  select  |      0|   0|    2|           1|           1|
    |select_ln642_3_fu_1491_p3       |  select  |      0|   0|    2|           1|           1|
    |select_ln642_fu_1177_p3         |  select  |      0|   0|    2|           1|           1|
    |select_ln746_1_fu_1955_p3       |  select  |      0|   0|   13|           1|          13|
    |select_ln746_2_fu_1969_p3       |  select  |      0|   0|   13|           1|          13|
    |select_ln746_3_fu_1977_p3       |  select  |      0|   0|   13|           1|          13|
    |select_ln746_7_fu_2029_p3       |  select  |      0|   0|   14|           1|          14|
    |select_ln746_8_fu_2037_p3       |  select  |      0|   0|   14|           1|          14|
    |select_ln746_9_fu_2045_p3       |  select  |      0|   0|   14|           1|          14|
    |select_ln746_fu_1941_p3         |  select  |      0|   0|   13|           1|          12|
    |select_ln964_1_fu_3232_p3       |  select  |      0|   0|    7|           1|           7|
    |select_ln964_fu_3180_p3         |  select  |      0|   0|    7|           1|           7|
    |sh_amt_1_fu_461_p3              |  select  |      0|   0|   12|           1|          12|
    |sh_amt_fu_371_p3                |  select  |      0|   0|   12|           1|          12|
    |theta                           |  select  |      0|   0|   32|           1|           1|
    |tmp288_cast_cast_fu_613_p3      |  select  |      0|   0|    2|           1|           2|
    |tmp292_cast_cast_fu_894_p3      |  select  |      0|   0|    2|           1|           2|
    |tmp_V_6_fu_2727_p3              |  select  |      0|   0|   25|           1|          25|
    |tmp_V_7_fu_2787_p3              |  select  |      0|   0|   14|           1|          14|
    |underflow_4_fu_1608_p3          |  select  |      0|   0|    2|           1|           1|
    |underflow_fu_1307_p3            |  select  |      0|   0|    2|           1|           1|
    |shl_ln604_1_fu_1335_p2          |    shl   |      0|   0|   31|          14|          14|
    |shl_ln604_fu_1034_p2            |    shl   |      0|   0|   31|          14|          14|
    |shl_ln958_1_fu_3141_p2          |    shl   |      0|   0|  101|          32|          32|
    |shl_ln958_fu_3086_p2            |    shl   |      0|   0|  101|          32|          32|
    |Range1_all_zeros_2_fu_1463_p2   |    xor   |      0|   0|    2|           2|           1|
    |Range1_all_zeros_fu_1162_p2     |    xor   |      0|   0|    2|           2|           1|
    |empty_15_fu_1275_p2             |    xor   |      0|   0|    2|           2|           1|
    |empty_18_fu_1576_p2             |    xor   |      0|   0|    2|           2|           1|
    |sel_tmp38_fu_2613_p2            |    xor   |      0|   0|    2|           1|           2|
    |xor_ln17_fu_2053_p2             |    xor   |      0|   0|    2|           1|           2|
    |xor_ln18_fu_1923_p2             |    xor   |      0|   0|    2|           1|           2|
    |xor_ln340_1_fu_2313_p2          |    xor   |      0|   0|    2|           1|           1|
    |xor_ln340_2_fu_2421_p2          |    xor   |      0|   0|    2|           1|           1|
    |xor_ln340_3_fu_2473_p2          |    xor   |      0|   0|    2|           1|           1|
    |xor_ln340_4_fu_2583_p2          |    xor   |      0|   0|    2|           1|           1|
    |xor_ln340_5_fu_2595_p2          |    xor   |      0|   0|    2|           1|           2|
    |xor_ln340_6_fu_2619_p2          |    xor   |      0|   0|    2|           1|           1|
    |xor_ln340_fu_2257_p2            |    xor   |      0|   0|    2|           1|           1|
    |xor_ln403_1_fu_1362_p2          |    xor   |      0|   0|    2|           1|           2|
    |xor_ln403_fu_1061_p2            |    xor   |      0|   0|    2|           1|           2|
    |xor_ln416_1_fu_1340_p2          |    xor   |      0|   0|    2|           1|           2|
    |xor_ln416_fu_1039_p2            |    xor   |      0|   0|    2|           1|           2|
    |xor_ln571_1_fu_1766_p2          |    xor   |      0|   0|    2|           1|           2|
    |xor_ln571_fu_1677_p2            |    xor   |      0|   0|    2|           1|           2|
    |xor_ln582_1_fu_878_p2           |    xor   |      0|   0|    2|           1|           2|
    |xor_ln582_fu_597_p2             |    xor   |      0|   0|    2|           1|           2|
    |xor_ln603_1_fu_1401_p2          |    xor   |      0|   0|    2|           2|           1|
    |xor_ln603_fu_1100_p2            |    xor   |      0|   0|    2|           2|           1|
    |xor_ln621_1_fu_1582_p2          |    xor   |      0|   0|    2|           1|           2|
    |xor_ln621_2_fu_664_p2           |    xor   |      0|   0|    2|           1|           2|
    |xor_ln621_3_fu_945_p2           |    xor   |      0|   0|    2|           1|           2|
    |xor_ln621_fu_1281_p2            |    xor   |      0|   0|    2|           1|           2|
    |xor_ln631_1_fu_1421_p2          |    xor   |      0|   0|    2|           1|           2|
    |xor_ln631_fu_1120_p2            |    xor   |      0|   0|    2|           1|           2|
    |xor_ln639_2_fu_732_p2           |    xor   |      0|   0|    2|           1|           2|
    |xor_ln639_fu_1013_p2            |    xor   |      0|   0|    2|           1|           2|
    |xor_ln652_1_fu_1230_p2          |    xor   |      0|   0|    2|           1|           2|
    |xor_ln652_3_fu_1531_p2          |    xor   |      0|   0|    2|           1|           2|
    |xor_ln652_4_fu_1213_p2          |    xor   |      0|   0|    2|           2|           1|
    |xor_ln652_5_fu_1514_p2          |    xor   |      0|   0|    2|           2|           1|
    |xor_ln658_1_fu_1321_p2          |    xor   |      0|   0|    2|           1|           2|
    |xor_ln658_2_fu_1315_p2          |    xor   |      0|   0|    2|           1|           2|
    |xor_ln658_3_fu_1622_p2          |    xor   |      0|   0|    2|           1|           2|
    |xor_ln658_fu_1616_p2            |    xor   |      0|   0|    2|           1|           2|
    |xor_ln659_1_fu_1775_p2          |    xor   |      0|   0|    2|           2|           1|
    |xor_ln659_fu_1686_p2            |    xor   |      0|   0|    2|           2|           1|
    |xor_ln746_1_fu_1897_p2          |    xor   |      0|   0|    2|           1|           2|
    |xor_ln746_fu_2077_p2            |    xor   |      0|   0|    2|           2|           1|
    |xor_ln785_1_fu_2207_p2          |    xor   |      0|   0|    2|           1|           2|
    |xor_ln785_2_fu_2353_p2          |    xor   |      0|   0|    2|           1|           2|
    |xor_ln785_3_fu_2371_p2          |    xor   |      0|   0|    2|           1|           2|
    |xor_ln785_4_fu_2515_p2          |    xor   |      0|   0|    2|           1|           2|
    |xor_ln785_5_fu_2533_p2          |    xor   |      0|   0|    2|           1|           2|
    |xor_ln785_fu_2189_p2            |    xor   |      0|   0|    2|           1|           2|
    |xor_ln949_1_fu_3022_p2          |    xor   |      0|   0|    2|           1|           2|
    |xor_ln949_fu_2901_p2            |    xor   |      0|   0|    2|           1|           2|
    +--------------------------------+----------+-------+----+-----+------------+------------+
    |Total                           |          |      0|  80| 5097|        2225|        2900|
    +--------------------------------+----------+-------+----+-----+------------+------------+

    * Multiplexer: 
    +----------------------+----+-----------+-----+-----------+
    |         Name         | LUT| Input Size| Bits| Total Bits|
    +----------------------+----+-----------+-----+-----------+
    |ap_NS_fsm             |  53|         12|    1|         12|
    |flag_neg_y_0_reg_259  |   9|          2|    1|          2|
    |i_op_assign_reg_269   |   9|          2|    4|          8|
    |p_Val2_26_reg_239     |   9|          2|   14|         28|
    |tmp_V_5_reg_229       |   9|          2|   14|         28|
    |x_old_V_reg_249       |   9|          2|   14|         28|
    +----------------------+----+-----------+-----+-----------+
    |Total                 |  98|         22|   48|        106|
    +----------------------+----+-----------+-----+-----------+

    * Register: 
    +-----------------------------+----+----+-----+-----------+
    |             Name            | FF | LUT| Bits| Const Bits|
    +-----------------------------+----+----+-----+-----------+
    |F2_1_reg_3389                |  12|   0|   12|          0|
    |F2_reg_3331                  |  12|   0|   12|          0|
    |QUAN_INC_1_reg_3398          |   1|   0|    1|          0|
    |QUAN_INC_reg_3340            |   1|   0|    1|          0|
    |Range1_all_ones_1_reg_3493   |   1|   0|    1|          0|
    |Range1_all_ones_3_reg_3610   |   1|   0|    1|          0|
    |Range1_all_zeros_1_reg_3522  |   1|   0|    1|          0|
    |Range1_all_zeros_3_reg_3639  |   1|   0|    1|          0|
    |Range2_V_1_reg_3516          |  54|   0|   54|          0|
    |Range2_V_3_reg_3633          |  54|   0|   54|          0|
    |add_ln581_1_reg_3404         |  12|   0|   12|          0|
    |add_ln581_reg_3346           |  12|   0|   12|          0|
    |and_ln578_1_reg_3573         |   1|   0|    1|          0|
    |and_ln578_reg_3456           |   1|   0|    1|          0|
    |and_ln642_1_reg_3644         |   1|   0|    1|          0|
    |and_ln642_reg_3527           |   1|   0|    1|          0|
    |and_ln659_1_reg_3714         |   1|   0|    1|          0|
    |and_ln659_reg_3679           |   1|   0|    1|          0|
    |ap_CS_fsm                    |  11|   0|   11|          0|
    |empty_14_reg_3468            |   1|   0|    1|          0|
    |empty_17_reg_3585            |   1|   0|    1|          0|
    |flag_neg_y_0_reg_259         |   1|   0|    1|          0|
    |i_op_assign_reg_269          |   4|   0|    4|          0|
    |i_reg_3743                   |   4|   0|    4|          0|
    |icmp_ln571_1_reg_3382        |   1|   0|    1|          0|
    |icmp_ln571_reg_3324          |   1|   0|    1|          0|
    |icmp_ln578_2_reg_3579        |   1|   0|    1|          0|
    |icmp_ln578_reg_3462          |   1|   0|    1|          0|
    |icmp_ln582_1_reg_3538        |   1|   0|    1|          0|
    |icmp_ln582_reg_3421          |   1|   0|    1|          0|
    |icmp_ln603_1_reg_3549        |   1|   0|    1|          0|
    |icmp_ln603_reg_3432          |   1|   0|    1|          0|
    |icmp_ln621_1_reg_3596        |   1|   0|    1|          0|
    |icmp_ln621_reg_3479          |   1|   0|    1|          0|
    |icmp_ln631_1_reg_3622        |   1|   0|    1|          0|
    |icmp_ln631_reg_3505          |   1|   0|    1|          0|
    |icmp_ln935_1_reg_3808        |   1|   0|    1|          0|
    |icmp_ln935_reg_3786          |   1|   0|    1|          0|
    |icmp_ln958_1_reg_3862        |   1|   0|    1|          0|
    |icmp_ln958_reg_3846          |   1|   0|    1|          0|
    |l_1_reg_3825                 |  32|   0|   32|          0|
    |l_reg_3798                   |  32|   0|   32|          0|
    |m_3_reg_3877                 |  31|   0|   31|          0|
    |m_s_reg_3867                 |  31|   0|   31|          0|
    |man_V_1_reg_3319             |  54|   0|   54|          0|
    |man_V_4_reg_3377             |  54|   0|   54|          0|
    |mul_ln1118_reg_3753          |  25|   0|   25|          0|
    |or_ln949_1_reg_3857          |   1|   0|   32|         31|
    |or_ln_reg_3841               |   1|   0|   32|         31|
    |p_Result_51_reg_3300         |   1|   0|    1|          0|
    |p_Result_52_reg_3314         |  52|   0|   54|          2|
    |p_Result_53_reg_3438         |   1|   0|    1|          0|
    |p_Result_54_reg_3657         |   1|   0|    1|          0|
    |p_Result_55_reg_3358         |   1|   0|    1|          0|
    |p_Result_56_reg_3372         |  52|   0|   54|          2|
    |p_Result_57_reg_3555         |   1|   0|    1|          0|
    |p_Result_58_reg_3692         |   1|   0|    1|          0|
    |p_Result_78_reg_3760         |   1|   0|    1|          0|
    |p_Result_81_reg_3813         |   1|   0|    1|          0|
    |p_Val2_11_reg_3561           |  14|   0|   14|          0|
    |p_Val2_12_reg_3685           |  14|   0|   14|          0|
    |p_Val2_26_reg_239            |  14|   0|   14|          0|
    |p_Val2_5_reg_3444            |  14|   0|   14|          0|
    |p_Val2_6_reg_3650            |  14|   0|   14|          0|
    |pos1_1_reg_3591              |  12|   0|   12|          0|
    |pos1_reg_3474                |  12|   0|   12|          0|
    |sext_ln581_1_reg_3533        |  32|   0|   32|          0|
    |sext_ln581_reg_3416          |  32|   0|   32|          0|
    |sext_ln938_reg_3791          |  28|   0|   28|          0|
    |sh_amt_1_reg_3409            |  12|   0|   12|          0|
    |sh_amt_reg_3351              |  12|   0|   12|          0|
    |sub_ln944_1_reg_3851         |  32|   0|   32|          0|
    |sub_ln944_reg_3835           |  32|   0|   32|          0|
    |tmp_10_reg_3500              |   1|   0|    1|          0|
    |tmp_16_reg_3567              |   1|   0|    1|          0|
    |tmp_19_reg_3617              |   1|   0|    1|          0|
    |tmp_34_reg_3872              |   1|   0|    1|          0|
    |tmp_38_reg_3882              |   1|   0|    1|          0|
    |tmp_7_reg_3450               |   1|   0|    1|          0|
    |tmp_V_5_reg_229              |  14|   0|   14|          0|
    |tmp_V_7_reg_3818             |  14|   0|   14|          0|
    |trunc_ln583_1_reg_3543       |  14|   0|   14|          0|
    |trunc_ln583_reg_3426         |  14|   0|   14|          0|
    |trunc_ln943_1_reg_3830       |   8|   0|    8|          0|
    |trunc_ln943_reg_3803         |   8|   0|    8|          0|
    |underflow_4_reg_3697         |   1|   0|    1|          0|
    |underflow_reg_3662           |   1|   0|    1|          0|
    |x_old_V_reg_249              |  14|   0|   14|          0|
    |x_read_reg_3294              |  32|   0|   32|          0|
    |xor_ln621_2_reg_3486         |   1|   0|    1|          0|
    |xor_ln621_3_reg_3603         |   1|   0|    1|          0|
    |xor_ln658_1_reg_3673         |   1|   0|    1|          0|
    |xor_ln658_2_reg_3668         |   1|   0|    1|          0|
    |xor_ln658_3_reg_3708         |   1|   0|    1|          0|
    |xor_ln658_reg_3703           |   1|   0|    1|          0|
    |y_read_reg_3288              |  32|   0|   32|          0|
    |zext_ln461_1_reg_3367        |  11|   0|   12|          1|
    |zext_ln461_reg_3309          |  11|   0|   12|          1|
    |zext_ln635_1_reg_3628        |  32|   0|   54|         22|
    |zext_ln635_reg_3511          |  32|   0|   54|         22|
    +-----------------------------+----+----+-----+-----------+
    |Total                        |1103|   0| 1215|        112|
    +-----------------------------+----+----+-----+-----------+



================================================================
== Interface
================================================================
* Summary: 
+------------------------+-----+-----+------------+----------------+--------------+
|        RTL Ports       | Dir | Bits|  Protocol  |  Source Object |    C Type    |
+------------------------+-----+-----+------------+----------------+--------------+
|s_axi_AXILiteS_AWVALID  |  in |    1|    s_axi   |    AXILiteS    |    pointer   |
|s_axi_AXILiteS_AWREADY  | out |    1|    s_axi   |    AXILiteS    |    pointer   |
|s_axi_AXILiteS_AWADDR   |  in |    6|    s_axi   |    AXILiteS    |    pointer   |
|s_axi_AXILiteS_WVALID   |  in |    1|    s_axi   |    AXILiteS    |    pointer   |
|s_axi_AXILiteS_WREADY   | out |    1|    s_axi   |    AXILiteS    |    pointer   |
|s_axi_AXILiteS_WDATA    |  in |   32|    s_axi   |    AXILiteS    |    pointer   |
|s_axi_AXILiteS_WSTRB    |  in |    4|    s_axi   |    AXILiteS    |    pointer   |
|s_axi_AXILiteS_ARVALID  |  in |    1|    s_axi   |    AXILiteS    |    pointer   |
|s_axi_AXILiteS_ARREADY  | out |    1|    s_axi   |    AXILiteS    |    pointer   |
|s_axi_AXILiteS_ARADDR   |  in |    6|    s_axi   |    AXILiteS    |    pointer   |
|s_axi_AXILiteS_RVALID   | out |    1|    s_axi   |    AXILiteS    |    pointer   |
|s_axi_AXILiteS_RREADY   |  in |    1|    s_axi   |    AXILiteS    |    pointer   |
|s_axi_AXILiteS_RDATA    | out |   32|    s_axi   |    AXILiteS    |    pointer   |
|s_axi_AXILiteS_RRESP    | out |    2|    s_axi   |    AXILiteS    |    pointer   |
|s_axi_AXILiteS_BVALID   | out |    1|    s_axi   |    AXILiteS    |    pointer   |
|s_axi_AXILiteS_BREADY   |  in |    1|    s_axi   |    AXILiteS    |    pointer   |
|s_axi_AXILiteS_BRESP    | out |    2|    s_axi   |    AXILiteS    |    pointer   |
|ap_clk                  |  in |    1| ap_ctrl_hs | cordiccart2pol | return value |
|ap_rst_n                |  in |    1| ap_ctrl_hs | cordiccart2pol | return value |
|interrupt               | out |    1| ap_ctrl_hs | cordiccart2pol | return value |
+------------------------+-----+-----+------------+----------------+--------------+

