

================================================================
== Vivado HLS Report for 'attention'
================================================================
* Date:           Fri Dec 18 12:07:38 2020

* Version:        2019.1 (Build 2552052 on Fri May 24 15:28:33 MDT 2019)
* Project:        hls
* Solution:       solution1
* Product family: zynq
* Target device:  xc7z020-clg484-1


================================================================
== Performance Estimates
================================================================
+ Timing (ns): 
    * Summary: 
    +--------+-------+----------+------------+
    |  Clock | Target| Estimated| Uncertainty|
    +--------+-------+----------+------------+
    |ap_clk  |  10.00|     8.427|        1.25|
    +--------+-------+----------+------------+

+ Latency (clock cycles): 
    * Summary: 
    +-----------+-----------+-----------+-----------+---------+
    |        Latency        |        Interval       | Pipeline|
    |    min    |    max    |    min    |    max    |   Type  |
    +-----------+-----------+-----------+-----------+---------+
    |  106905095|  106905095|  106905095|  106905095|   none  |
    +-----------+-----------+-----------+-----------+---------+

    + Detail: 
        * Instance: 
        N/A

        * Loop: 
        +----------------------+----------+----------+----------+-----------+-----------+------+----------+
        |                      |       Latency       | Iteration|  Initiation Interval  | Trip |          |
        |       Loop Name      |    min   |    max   |  Latency |  achieved |   target  | Count| Pipelined|
        +----------------------+----------+----------+----------+-----------+-----------+------+----------+
        |- CALC_Q              |   1197056|   1197056|      2338|          -|          -|   512|    no    |
        | + CALC_Q.1           |      2336|      2336|       146|          -|          -|    16|    no    |
        |  ++ CALC_Q.1.1       |       144|       144|         9|          -|          -|    16|    no    |
        |- CALC_K              |   1197056|   1197056|      2338|          -|          -|   512|    no    |
        | + CALC_K.1           |      2336|      2336|       146|          -|          -|    16|    no    |
        |  ++ CALC_K.1.1       |       144|       144|         9|          -|          -|    16|    no    |
        |- CALC_V              |   1197056|   1197056|      2338|          -|          -|   512|    no    |
        | + CALC_V.1           |      2336|      2336|       146|          -|          -|    16|    no    |
        |  ++ CALC_V.1.1       |       144|       144|         9|          -|          -|    16|    no    |
        |- CALC_S              |  47711232|  47711232|     93186|          -|          -|   512|    no    |
        | + CALC_S.1           |     93184|     93184|       182|          -|          -|   512|    no    |
        |  ++ CALC_S.1.1       |       176|       176|        11|          -|          -|    16|    no    |
        |- Loop 5              |   4457472|   4457472|      8706|          -|          -|   512|    no    |
        | + Loop 5.1           |      8704|      8704|        17|          -|          -|   512|    no    |
        |- Loop 6              |   4982272|   4982272|      9731|          -|          -|   512|    no    |
        | + Loop 6.1           |      9728|      9728|        19|          -|          -|   512|    no    |
        |- CALC_OUTPUT         |  46162944|  46162944|     90162|          -|          -|   512|    no    |
        | + CALC_OUTPUT.1      |     90160|     90160|      5635|          -|          -|    16|    no    |
        |  ++ CALC_OUTPUT.1.1  |      5632|      5632|        11|          -|          -|   512|    no    |
        +----------------------+----------+----------+----------+-----------+-----------+------+----------+



================================================================
== Utilization Estimates
================================================================
* Summary: 
+-----------------+---------+-------+--------+-------+-----+
|       Name      | BRAM_18K| DSP48E|   FF   |  LUT  | URAM|
+-----------------+---------+-------+--------+-------+-----+
|DSP              |        -|      -|       -|      -|    -|
|Expression       |        -|      -|       0|    777|    -|
|FIFO             |        -|      -|       -|      -|    -|
|Instance         |        -|     12|    1386|   2629|    -|
|Memory           |      561|      -|       0|      0|    0|
|Multiplexer      |        -|      -|       -|   1109|    -|
|Register         |        -|      -|    1407|      -|    -|
+-----------------+---------+-------+--------+-------+-----+
|Total            |      561|     12|    2793|   4515|    0|
+-----------------+---------+-------+--------+-------+-----+
|Available        |      280|    220|  106400|  53200|    0|
+-----------------+---------+-------+--------+-------+-----+
|Utilization (%)  |      200|      5|       2|      8|    0|
+-----------------+---------+-------+--------+-------+-----+

+ Detail: 
    * Instance: 
    +-------------------------+----------------------+---------+-------+-----+-----+-----+
    |         Instance        |        Module        | BRAM_18K| DSP48E|  FF | LUT | URAM|
    +-------------------------+----------------------+---------+-------+-----+-----+-----+
    |attention_fadd_32bkb_U1  |attention_fadd_32bkb  |        0|      2|  205|  390|    0|
    |attention_fdiv_32dEe_U3  |attention_fdiv_32dEe  |        0|      0|  761|  994|    0|
    |attention_fexp_32eOg_U4  |attention_fexp_32eOg  |        0|      7|  277|  924|    0|
    |attention_fmul_32cud_U2  |attention_fmul_32cud  |        0|      3|  143|  321|    0|
    +-------------------------+----------------------+---------+-------+-----+-----+-----+
    |Total                    |                      |        0|     12| 1386| 2629|    0|
    +-------------------------+----------------------+---------+-------+-----+-----+-----+

    * DSP48E: 
    N/A

    * Memory: 
    +-----------+-------------------+---------+---+----+-----+--------+-----+------+-------------+
    |   Memory  |       Module      | BRAM_18K| FF| LUT| URAM|  Words | Bits| Banks| W*Bits*Banks|
    +-----------+-------------------+---------+---+----+-----+--------+-----+------+-------------+
    |buf_S_U    |attention_buf_S    |      512|  0|   0|    0|  262144|   32|     1|      8388608|
    |buf_V_U    |attention_buf_V    |       16|  0|   0|    0|    8192|   32|     1|       262144|
    |buf_Q_U    |attention_buf_V    |       16|  0|   0|    0|    8192|   32|     1|       262144|
    |buf_K_U    |attention_buf_V    |       16|  0|   0|    0|    8192|   32|     1|       262144|
    |row_sum_U  |attention_row_sum  |        1|  0|   0|    0|     512|   32|     1|        16384|
    +-----------+-------------------+---------+---+----+-----+--------+-----+------+-------------+
    |Total      |                   |      561|  0|   0|    0|  287232|  160|     5|      9191424|
    +-----------+-------------------+---------+---+----+-----+--------+-----+------+-------------+

    * FIFO: 
    N/A

    * Expression: 
    +----------------------------+----------+-------+---+----+------------+------------+
    |        Variable Name       | Operation| DSP48E| FF| LUT| Bitwidth P0| Bitwidth P1|
    +----------------------------+----------+-------+---+----+------------+------------+
    |add_ln104_fu_923_p2         |     +    |      0|  0|  25|          18|          18|
    |add_ln114_fu_977_p2         |     +    |      0|  0|  25|          18|          18|
    |add_ln129_1_fu_1065_p2      |     +    |      0|  0|  17|          13|          13|
    |add_ln129_fu_1043_p2        |     +    |      0|  0|  25|          18|          18|
    |add_ln42_fu_643_p2          |     +    |      0|  0|  17|          13|          13|
    |add_ln58_fu_704_p2          |     +    |      0|  0|  17|          13|          13|
    |add_ln74_fu_765_p2          |     +    |      0|  0|  17|          13|          13|
    |add_ln88_1_fu_860_p2        |     +    |      0|  0|  17|          13|          13|
    |add_ln88_fu_850_p2          |     +    |      0|  0|  17|          13|          13|
    |add_ln90_fu_870_p2          |     +    |      0|  0|  25|          18|          18|
    |i_10_fu_780_p2              |     +    |      0|  0|  14|          10|           1|
    |i_11_fu_939_p2              |     +    |      0|  0|  14|          10|           1|
    |i_12_fu_993_p2              |     +    |      0|  0|  14|          10|           1|
    |i_7_fu_658_p2               |     +    |      0|  0|  14|          10|           1|
    |i_8_fu_719_p2               |     +    |      0|  0|  14|          10|           1|
    |i_9_fu_884_p2               |     +    |      0|  0|  14|          10|           1|
    |i_fu_597_p2                 |     +    |      0|  0|  14|          10|           1|
    |j_10_fu_816_p2              |     +    |      0|  0|  14|          10|           1|
    |j_11_fu_971_p2              |     +    |      0|  0|  14|          10|           1|
    |j_12_fu_1021_p2             |     +    |      0|  0|  15|           5|           1|
    |j_7_fu_686_p2               |     +    |      0|  0|  15|           5|           1|
    |j_8_fu_747_p2               |     +    |      0|  0|  15|           5|           1|
    |j_9_fu_917_p2               |     +    |      0|  0|  14|          10|           1|
    |j_fu_625_p2                 |     +    |      0|  0|  15|           5|           1|
    |k_5_fu_698_p2               |     +    |      0|  0|  15|           5|           1|
    |k_6_fu_759_p2               |     +    |      0|  0|  15|           5|           1|
    |k_7_fu_844_p2               |     +    |      0|  0|  15|           5|           1|
    |k_8_fu_1037_p2              |     +    |      0|  0|  14|          10|           1|
    |k_fu_637_p2                 |     +    |      0|  0|  15|           5|           1|
    |ap_block_state93_io         |    and   |      0|  0|   2|           1|           1|
    |input_seq_0_load_A          |    and   |      0|  0|   2|           1|           1|
    |input_seq_0_load_B          |    and   |      0|  0|   2|           1|           1|
    |output_r_1_load_A           |    and   |      0|  0|   2|           1|           1|
    |output_r_1_load_B           |    and   |      0|  0|   2|           1|           1|
    |weight_k_0_load_A           |    and   |      0|  0|   2|           1|           1|
    |weight_k_0_load_B           |    and   |      0|  0|   2|           1|           1|
    |weight_q_0_load_A           |    and   |      0|  0|   2|           1|           1|
    |weight_q_0_load_B           |    and   |      0|  0|   2|           1|           1|
    |weight_v_0_load_A           |    and   |      0|  0|   2|           1|           1|
    |weight_v_0_load_B           |    and   |      0|  0|   2|           1|           1|
    |icmp_ln102_fu_911_p2        |   icmp   |      0|  0|  13|          10|          11|
    |icmp_ln110_fu_933_p2        |   icmp   |      0|  0|  13|          10|          11|
    |icmp_ln112_fu_965_p2        |   icmp   |      0|  0|  13|          10|          11|
    |icmp_ln122_fu_987_p2        |   icmp   |      0|  0|  13|          10|          11|
    |icmp_ln124_fu_1015_p2       |   icmp   |      0|  0|  11|           5|           6|
    |icmp_ln127_fu_1031_p2       |   icmp   |      0|  0|  13|          10|          11|
    |icmp_ln32_fu_591_p2         |   icmp   |      0|  0|  13|          10|          11|
    |icmp_ln34_fu_619_p2         |   icmp   |      0|  0|  11|           5|           6|
    |icmp_ln37_fu_631_p2         |   icmp   |      0|  0|  11|           5|           6|
    |icmp_ln49_fu_652_p2         |   icmp   |      0|  0|  13|          10|          11|
    |icmp_ln51_fu_680_p2         |   icmp   |      0|  0|  11|           5|           6|
    |icmp_ln54_fu_692_p2         |   icmp   |      0|  0|  11|           5|           6|
    |icmp_ln65_fu_713_p2         |   icmp   |      0|  0|  13|          10|          11|
    |icmp_ln67_fu_741_p2         |   icmp   |      0|  0|  11|           5|           6|
    |icmp_ln70_fu_753_p2         |   icmp   |      0|  0|  11|           5|           6|
    |icmp_ln81_fu_774_p2         |   icmp   |      0|  0|  13|          10|          11|
    |icmp_ln83_fu_810_p2         |   icmp   |      0|  0|  13|          10|          11|
    |icmp_ln86_fu_838_p2         |   icmp   |      0|  0|  11|           5|           6|
    |icmp_ln98_fu_878_p2         |   icmp   |      0|  0|  13|          10|          11|
    |input_seq_0_state_cmp_full  |   icmp   |      0|  0|   8|           2|           1|
    |output_r_1_state_cmp_full   |   icmp   |      0|  0|   8|           2|           1|
    |weight_k_0_state_cmp_full   |   icmp   |      0|  0|   8|           2|           1|
    |weight_q_0_state_cmp_full   |   icmp   |      0|  0|   8|           2|           1|
    |weight_v_0_state_cmp_full   |   icmp   |      0|  0|   8|           2|           1|
    |ap_block_state15            |    or    |      0|  0|   2|           1|           1|
    |ap_block_state26            |    or    |      0|  0|   2|           1|           1|
    |ap_block_state4             |    or    |      0|  0|   2|           1|           1|
    |ap_block_state91            |    or    |      0|  0|   2|           1|           1|
    +----------------------------+----------+-------+---+----+------------+------------+
    |Total                       |          |      0|  0| 777|         475|         358|
    +----------------------------+----------+-------+---+----+------------+------------+

    * Multiplexer: 
    +-----------------------+-----+-----------+-----+-----------+
    |          Name         | LUT | Input Size| Bits| Total Bits|
    +-----------------------+-----+-----------+-----+-----------+
    |ap_NS_fsm              |  461|        105|    1|        105|
    |buf_K_address0         |   15|          3|   13|         39|
    |buf_Q_address0         |   15|          3|   13|         39|
    |buf_S_address0         |   38|          7|   18|        126|
    |buf_S_d0               |   21|          4|   32|        128|
    |buf_V_address0         |   15|          3|   13|         39|
    |empty_19_reg_441       |    9|          2|   32|         64|
    |grp_fu_533_p0          |   38|          7|   32|        224|
    |grp_fu_533_p1          |   15|          3|   32|         96|
    |grp_fu_543_p0          |   27|          5|   32|        160|
    |grp_fu_543_p1          |   38|          7|   32|        224|
    |i_0_reg_247            |    9|          2|   10|         20|
    |i_1_reg_293            |    9|          2|   10|         20|
    |i_2_reg_339            |    9|          2|   10|         20|
    |i_3_reg_385            |    9|          2|   10|         20|
    |i_4_reg_430            |    9|          2|   10|         20|
    |i_5_reg_464            |    9|          2|   10|         20|
    |i_6_reg_486            |    9|          2|   10|         20|
    |input_seq_0_data_out   |    9|          2|   32|         64|
    |input_seq_0_state      |   15|          3|    2|          6|
    |input_seq_TDATA_blk_n  |    9|          2|    1|          2|
    |j_0_reg_258            |    9|          2|    5|         10|
    |j_1_reg_304            |    9|          2|    5|         10|
    |j_2_reg_350            |    9|          2|    5|         10|
    |j_3_reg_396            |    9|          2|   10|         20|
    |j_4_reg_453            |    9|          2|   10|         20|
    |j_5_reg_475            |    9|          2|   10|         20|
    |j_6_reg_497            |    9|          2|    5|         10|
    |k_0_reg_269            |    9|          2|    5|         10|
    |k_1_reg_315            |    9|          2|    5|         10|
    |k_2_reg_361            |    9|          2|    5|         10|
    |k_3_reg_407            |    9|          2|    5|         10|
    |k_4_reg_508            |    9|          2|   10|         20|
    |output_r_1_data_out    |    9|          2|   32|         64|
    |output_r_1_state       |   15|          3|    2|          6|
    |output_r_TDATA_blk_n   |    9|          2|    1|          2|
    |psum1_0_reg_326        |    9|          2|   32|         64|
    |psum2_0_reg_372        |    9|          2|   32|         64|
    |psum3_0_reg_418        |    9|          2|   32|         64|
    |psum4_0_reg_519        |    9|          2|   32|         64|
    |psum_0_reg_280         |    9|          2|   32|         64|
    |row_sum_address0       |   21|          4|    9|         36|
    |row_sum_d0             |   15|          3|   32|         96|
    |weight_k_0_data_out    |    9|          2|   32|         64|
    |weight_k_0_state       |   15|          3|    2|          6|
    |weight_k_TDATA_blk_n   |    9|          2|    1|          2|
    |weight_q_0_data_out    |    9|          2|   32|         64|
    |weight_q_0_state       |   15|          3|    2|          6|
    |weight_q_TDATA_blk_n   |    9|          2|    1|          2|
    |weight_v_0_data_out    |    9|          2|   32|         64|
    |weight_v_0_state       |   15|          3|    2|          6|
    |weight_v_TDATA_blk_n   |    9|          2|    1|          2|
    +-----------------------+-----+-----------+-----+-----------+
    |Total                  | 1109|        239|  776|       2356|
    +-----------------------+-----+-----------+-----+-----------+

    * Register: 
    +-----------------------+-----+----+-----+-----------+
    |          Name         |  FF | LUT| Bits| Const Bits|
    +-----------------------+-----+----+-----+-----------+
    |add_ln90_reg_1246      |   18|   0|   18|          0|
    |ap_CS_fsm              |  104|   0|  104|          0|
    |buf_K_load_reg_1256    |   32|   0|   32|          0|
    |buf_Q_load_reg_1251    |   32|   0|   32|          0|
    |buf_S_addr_2_reg_1334  |   18|   0|   18|          0|
    |buf_S_addr_reg_1287    |   18|   0|   18|          0|
    |buf_V_load_reg_1388    |   32|   0|   32|          0|
    |empty_19_reg_441       |   32|   0|   32|          0|
    |i_0_reg_247            |   10|   0|   10|          0|
    |i_10_reg_1195          |   10|   0|   10|          0|
    |i_11_reg_1301          |   10|   0|   10|          0|
    |i_12_reg_1347          |   10|   0|   10|          0|
    |i_1_reg_293            |   10|   0|   10|          0|
    |i_2_reg_339            |   10|   0|   10|          0|
    |i_3_reg_385            |   10|   0|   10|          0|
    |i_4_reg_430            |   10|   0|   10|          0|
    |i_5_reg_464            |   10|   0|   10|          0|
    |i_6_reg_486            |   10|   0|   10|          0|
    |i_7_reg_1117           |   10|   0|   10|          0|
    |i_8_reg_1156           |   10|   0|   10|          0|
    |i_9_reg_1264           |   10|   0|   10|          0|
    |i_reg_1078             |   10|   0|   10|          0|
    |input_seq_0_payload_A  |   32|   0|   32|          0|
    |input_seq_0_payload_B  |   32|   0|   32|          0|
    |input_seq_0_sel_rd     |    1|   0|    1|          0|
    |input_seq_0_sel_wr     |    1|   0|    1|          0|
    |input_seq_0_state      |    2|   0|    2|          0|
    |j_0_reg_258            |    5|   0|    5|          0|
    |j_10_reg_1218          |   10|   0|   10|          0|
    |j_11_reg_1329          |   10|   0|   10|          0|
    |j_12_reg_1365          |    5|   0|    5|          0|
    |j_1_reg_304            |    5|   0|    5|          0|
    |j_2_reg_350            |    5|   0|    5|          0|
    |j_3_reg_396            |   10|   0|   10|          0|
    |j_4_reg_453            |   10|   0|   10|          0|
    |j_5_reg_475            |   10|   0|   10|          0|
    |j_6_reg_497            |    5|   0|    5|          0|
    |j_7_reg_1135           |    5|   0|    5|          0|
    |j_8_reg_1174           |    5|   0|    5|          0|
    |j_9_reg_1282           |   10|   0|   10|          0|
    |j_reg_1096             |    5|   0|    5|          0|
    |k_0_reg_269            |    5|   0|    5|          0|
    |k_1_reg_315            |    5|   0|    5|          0|
    |k_2_reg_361            |    5|   0|    5|          0|
    |k_3_reg_407            |    5|   0|    5|          0|
    |k_4_reg_508            |   10|   0|   10|          0|
    |k_5_reg_1143           |    5|   0|    5|          0|
    |k_6_reg_1182           |    5|   0|    5|          0|
    |k_7_reg_1231           |    5|   0|    5|          0|
    |k_8_reg_1373           |   10|   0|   10|          0|
    |k_reg_1104             |    5|   0|    5|          0|
    |output_r_1_payload_A   |   32|   0|   32|          0|
    |output_r_1_payload_B   |   32|   0|   32|          0|
    |output_r_1_sel_rd      |    1|   0|    1|          0|
    |output_r_1_sel_wr      |    1|   0|    1|          0|
    |output_r_1_state       |    2|   0|    2|          0|
    |psum1_0_reg_326        |   32|   0|   32|          0|
    |psum2_0_reg_372        |   32|   0|   32|          0|
    |psum3_0_reg_418        |   32|   0|   32|          0|
    |psum4_0_reg_519        |   32|   0|   32|          0|
    |psum_0_reg_280         |   32|   0|   32|          0|
    |reg_567                |   32|   0|   32|          0|
    |reg_573                |   32|   0|   32|          0|
    |reg_584                |   32|   0|   32|          0|
    |row_sum_addr_reg_1269  |    9|   0|    9|          0|
    |row_sum_load_reg_1321  |   32|   0|   32|          0|
    |shl_ln1_reg_1122       |    9|   0|   13|          4|
    |shl_ln2_reg_1161       |    9|   0|   13|          4|
    |shl_ln3_reg_1200       |    9|   0|   13|          4|
    |shl_ln4_reg_1205       |    9|   0|   18|          9|
    |shl_ln5_reg_1274       |    9|   0|   18|          9|
    |shl_ln6_reg_1316       |    9|   0|   18|          9|
    |shl_ln7_reg_1352       |    9|   0|   18|          9|
    |shl_ln88_1_reg_1223    |    9|   0|   13|          4|
    |shl_ln_reg_1083        |    9|   0|   13|          4|
    |temp_exp_reg_1292      |   32|   0|   32|          0|
    |tmp_s_reg_1339         |   32|   0|   32|          0|
    |trunc_ln114_reg_1306   |    9|   0|    9|          0|
    |weight_k_0_payload_A   |   32|   0|   32|          0|
    |weight_k_0_payload_B   |   32|   0|   32|          0|
    |weight_k_0_sel_rd      |    1|   0|    1|          0|
    |weight_k_0_sel_wr      |    1|   0|    1|          0|
    |weight_k_0_state       |    2|   0|    2|          0|
    |weight_q_0_payload_A   |   32|   0|   32|          0|
    |weight_q_0_payload_B   |   32|   0|   32|          0|
    |weight_q_0_sel_rd      |    1|   0|    1|          0|
    |weight_q_0_sel_wr      |    1|   0|    1|          0|
    |weight_q_0_state       |    2|   0|    2|          0|
    |weight_v_0_payload_A   |   32|   0|   32|          0|
    |weight_v_0_payload_B   |   32|   0|   32|          0|
    |weight_v_0_sel_rd      |    1|   0|    1|          0|
    |weight_v_0_sel_wr      |    1|   0|    1|          0|
    |weight_v_0_state       |    2|   0|    2|          0|
    |zext_ln124_reg_1357    |    5|   0|   13|          8|
    |zext_ln34_reg_1088     |    5|   0|   13|          8|
    |zext_ln51_reg_1127     |    5|   0|   13|          8|
    |zext_ln67_reg_1166     |    5|   0|   13|          8|
    |zext_ln83_reg_1210     |   10|   0|   18|          8|
    +-----------------------+-----+----+-----+-----------+
    |Total                  | 1407|   0| 1503|         96|
    +-----------------------+-----+----+-----+-----------+



================================================================
== Interface
================================================================
* Summary: 
+------------------+-----+-----+------------+--------------+--------------+
|     RTL Ports    | Dir | Bits|  Protocol  | Source Object|    C Type    |
+------------------+-----+-----+------------+--------------+--------------+
|ap_clk            |  in |    1| ap_ctrl_hs |   attention  | return value |
|ap_rst_n          |  in |    1| ap_ctrl_hs |   attention  | return value |
|ap_start          |  in |    1| ap_ctrl_hs |   attention  | return value |
|ap_done           | out |    1| ap_ctrl_hs |   attention  | return value |
|ap_idle           | out |    1| ap_ctrl_hs |   attention  | return value |
|ap_ready          | out |    1| ap_ctrl_hs |   attention  | return value |
|input_seq_TDATA   |  in |   32|    axis    |   input_seq  |    pointer   |
|input_seq_TVALID  |  in |    1|    axis    |   input_seq  |    pointer   |
|input_seq_TREADY  | out |    1|    axis    |   input_seq  |    pointer   |
|weight_v_TDATA    |  in |   32|    axis    |   weight_v   |    pointer   |
|weight_v_TVALID   |  in |    1|    axis    |   weight_v   |    pointer   |
|weight_v_TREADY   | out |    1|    axis    |   weight_v   |    pointer   |
|weight_q_TDATA    |  in |   32|    axis    |   weight_q   |    pointer   |
|weight_q_TVALID   |  in |    1|    axis    |   weight_q   |    pointer   |
|weight_q_TREADY   | out |    1|    axis    |   weight_q   |    pointer   |
|weight_k_TDATA    |  in |   32|    axis    |   weight_k   |    pointer   |
|weight_k_TVALID   |  in |    1|    axis    |   weight_k   |    pointer   |
|weight_k_TREADY   | out |    1|    axis    |   weight_k   |    pointer   |
|output_r_TDATA    | out |   32|    axis    |   output_r   |    pointer   |
|output_r_TVALID   | out |    1|    axis    |   output_r   |    pointer   |
|output_r_TREADY   |  in |    1|    axis    |   output_r   |    pointer   |
+------------------+-----+-----+------------+--------------+--------------+

